0 info it worked if it ends with ok
1 verbose cli [
1 verbose cli   '/usr/local/bin/node',
1 verbose cli   '/usr/local/bin/npm',
1 verbose cli   'install',
1 verbose cli   '--ignore-scripts',
1 verbose cli   '@types/abbrev@ts3.6',
1 verbose cli   '@types/accepts@ts3.6',
1 verbose cli   '@types/ansi-align@ts3.6',
1 verbose cli   '@types/are-we-there-yet@ts3.6',
1 verbose cli   '@types/asn1@ts3.6',
1 verbose cli   '@types/assert-plus@ts3.6',
1 verbose cli   '@types/aws4@ts3.6',
1 verbose cli   '@types/balanced-match@ts3.6',
1 verbose cli   '@types/body-parser@ts3.6',
1 verbose cli   '@types/brace-expansion@ts3.6',
1 verbose cli   '@types/braces@ts3.6',
1 verbose cli   '@types/bytes@ts3.6',
1 verbose cli   '@types/caseless@ts3.6',
1 verbose cli   '@types/chownr@ts3.6',
1 verbose cli   '@types/color-convert@ts3.6',
1 verbose cli   '@types/color-name@ts3.6',
1 verbose cli   '@types/color-support@ts3.6',
1 verbose cli   '@types/combined-stream@ts3.6',
1 verbose cli   '@types/concat-map@ts3.6',
1 verbose cli   '@types/configstore@ts3.6',
1 verbose cli   '@types/content-disposition@ts3.6',
1 verbose cli   '@types/content-type@ts3.6',
1 verbose cli   '@types/cookie@ts3.6',
1 verbose cli   '@types/cookie-signature@ts3.6',
1 verbose cli   '@types/core-util-is@ts3.6',
1 verbose cli   '@types/dashdash@ts3.6',
1 verbose cli   '@types/debug@ts3.6',
1 verbose cli   '@types/deep-extend@ts3.6',
1 verbose cli   '@types/delegates@ts3.6',
1 verbose cli   '@types/depd@ts3.6',
1 verbose cli   '@types/destroy@ts3.6',
1 verbose cli   '@types/detect-libc@ts3.6',
1 verbose cli   '@types/duplexer3@ts3.6',
1 verbose cli   '@types/ee-first@ts3.6',
1 verbose cli   '@types/encodeurl@ts3.6',
1 verbose cli   '@types/end-of-stream@ts3.6',
1 verbose cli   '@types/escape-html@ts3.6',
1 verbose cli   '@types/etag@ts3.6',
1 verbose cli   '@types/extend@ts3.6',
1 verbose cli   '@types/extsprintf@ts3.6',
1 verbose cli   '@types/fill-range@ts3.6',
1 verbose cli   '@types/finalhandler@ts3.6',
1 verbose cli   '@types/forever-agent@ts3.6',
1 verbose cli   '@types/forwarded@ts3.6',
1 verbose cli   '@types/fresh@ts3.6',
1 verbose cli   '@types/fs-minipass@ts3.6',
1 verbose cli   '@types/gauge@ts3.6',
1 verbose cli   '@types/getpass@ts3.6',
1 verbose cli   '@types/glob-parent@ts3.6',
1 verbose cli   '@types/graceful-fs@ts3.6',
1 verbose cli   '@types/http-cache-semantics@ts3.6',
1 verbose cli   '@types/http-errors@ts3.6',
1 verbose cli   '@types/http-signature@ts3.6',
1 verbose cli   '@types/ignore-by-default@ts3.6',
1 verbose cli   '@types/ignore-walk@ts3.6',
1 verbose cli   '@types/imurmurhash@ts3.6',
1 verbose cli   '@types/inflight@ts3.6',
1 verbose cli   '@types/inherits@ts3.6',
1 verbose cli   '@types/ini@ts3.6',
1 verbose cli   '@types/is-ci@ts3.6',
1 verbose cli   '@types/is-extglob@ts3.6',
1 verbose cli   '@types/is-glob@ts3.6',
1 verbose cli   '@types/is-number@ts3.6',
1 verbose cli   '@types/is-typedarray@ts3.6',
1 verbose cli   '@types/isarray@ts3.6',
1 verbose cli   '@types/isexe@ts3.6',
1 verbose cli   '@types/isstream@ts3.6',
1 verbose cli   '@types/jsbn@ts3.6',
1 verbose cli   '@types/json-buffer@ts3.6',
1 verbose cli   '@types/json-schema@ts3.6',
1 verbose cli   '@types/json-stringify-safe@ts3.6',
1 verbose cli   '@types/jsprim@ts3.6',
1 verbose cli   '@types/jwa@ts3.6',
1 verbose cli   '@types/jws@ts3.6',
1 verbose cli   '@types/lodash.includes@ts3.6',
1 verbose cli   '@types/lodash.isboolean@ts3.6',
1 verbose cli   '@types/lodash.isinteger@ts3.6',
1 verbose cli   '@types/lodash.isnumber@ts3.6',
1 verbose cli   '@types/lodash.isplainobject@ts3.6',
1 verbose cli   '@types/lodash.isstring@ts3.6',
1 verbose cli   '@types/lodash.once@ts3.6',
1 verbose cli   '@types/media-typer@ts3.6',
1 verbose cli   '@types/merge-descriptors@ts3.6',
1 verbose cli   '@types/methods@ts3.6',
1 verbose cli   '@types/mime@ts3.6',
1 verbose cli   '@types/mime-db@ts3.6',
1 verbose cli   '@types/mime-types@ts3.6',
1 verbose cli   '@types/minimist@ts3.6',
1 verbose cli   '@types/minizlib@ts3.6',
1 verbose cli   '@types/ms@ts3.6',
1 verbose cli   '@types/needle@ts3.6',
1 verbose cli   '@types/negotiator@ts3.6',
1 verbose cli   '@types/node-fetch@ts3.6',
1 verbose cli   '@types/nopt@ts3.6',
1 verbose cli   '@types/normalize-path@ts3.6',
1 verbose cli   '@types/npm-packlist@ts3.6',
1 verbose cli   ... 54 more items
1 verbose cli ]
2 info using npm@6.14.6
3 info using node@v12.18.3
4 verbose npm-session a7b973ced275e33e
5 silly install loadCurrentTree
6 silly install readLocalPackageData
7 http fetch GET 304 https://registry.npmjs.org/@types%2fbody-parser 337ms (from cache)
8 silly pacote tag manifest for @types/body-parser@ts3.6 fetched in 342ms
9 http fetch GET 304 https://registry.npmjs.org/@types%2fasn1 1701ms (from cache)
10 silly pacote tag manifest for @types/asn1@ts3.6 fetched in 1703ms
11 http fetch GET 304 https://registry.npmjs.org/@types%2fabbrev 2110ms (from cache)
12 silly pacote tag manifest for @types/abbrev@ts3.6 fetched in 2117ms
13 http fetch GET 304 https://registry.npmjs.org/@types%2fcaseless 49ms (from cache)
14 silly pacote tag manifest for @types/caseless@ts3.6 fetched in 51ms
15 http fetch GET 304 https://registry.npmjs.org/@types%2fassert-plus 2202ms (from cache)
16 silly pacote tag manifest for @types/assert-plus@ts3.6 fetched in 2204ms
17 http fetch GET 304 https://registry.npmjs.org/@types%2faws4 2279ms (from cache)
18 silly pacote tag manifest for @types/aws4@ts3.6 fetched in 2281ms
19 http fetch GET 304 https://registry.npmjs.org/@types%2fbalanced-match 2592ms (from cache)
20 http fetch GET 304 https://registry.npmjs.org/@types%2fcolor-convert 392ms (from cache)
21 silly pacote tag manifest for @types/balanced-match@ts3.6 fetched in 2595ms
22 silly pacote tag manifest for @types/color-convert@ts3.6 fetched in 394ms
23 http fetch GET 304 https://registry.npmjs.org/@types%2fbrace-expansion 2597ms (from cache)
24 silly pacote tag manifest for @types/brace-expansion@ts3.6 fetched in 2598ms
25 http fetch GET 304 https://registry.npmjs.org/@types%2fare-we-there-yet 2609ms (from cache)
26 silly pacote tag manifest for @types/are-we-there-yet@ts3.6 fetched in 2612ms
27 http fetch GET 304 https://registry.npmjs.org/@types%2fcolor-name 357ms (from cache)
28 silly pacote tag manifest for @types/color-name@ts3.6 fetched in 358ms
29 http fetch GET 200 https://registry.npmjs.org/@types%2fansi-align 2675ms
30 silly fetchPackageMetaData error for @types/ansi-align@ts3.6 No matching version found for @types/ansi-align@ts3.6.
31 http fetch GET 304 https://registry.npmjs.org/@types%2fbraces 2359ms (from cache)
32 silly pacote tag manifest for @types/braces@ts3.6 fetched in 2360ms
33 http fetch GET 304 https://registry.npmjs.org/@types%2fcookie 80ms (from cache)
34 silly pacote tag manifest for @types/cookie@ts3.6 fetched in 82ms
35 http fetch GET 304 https://registry.npmjs.org/@types%2fcookie-signature 77ms (from cache)
36 silly pacote tag manifest for @types/cookie-signature@ts3.6 fetched in 78ms
37 http fetch GET 304 https://registry.npmjs.org/@types%2faccepts 3706ms (from cache)
38 silly pacote tag manifest for @types/accepts@ts3.6 fetched in 3707ms
39 http fetch GET 304 https://registry.npmjs.org/@types%2fbytes 2321ms (from cache)
40 silly pacote tag manifest for @types/bytes@ts3.6 fetched in 2322ms
41 http fetch GET 304 https://registry.npmjs.org/@types%2fchownr 1992ms (from cache)
42 silly pacote tag manifest for @types/chownr@ts3.6 fetched in 1994ms
43 http fetch GET 304 https://registry.npmjs.org/@types%2fconfigstore 1561ms (from cache)
44 silly pacote tag manifest for @types/configstore@ts3.6 fetched in 1562ms
45 http fetch GET 304 https://registry.npmjs.org/@types%2fcontent-type 1528ms (from cache)
46 silly pacote tag manifest for @types/content-type@ts3.6 fetched in 1529ms
47 http fetch GET 304 https://registry.npmjs.org/@types%2fdeep-extend 402ms (from cache)
48 silly pacote tag manifest for @types/deep-extend@ts3.6 fetched in 404ms
49 http fetch GET 304 https://registry.npmjs.org/@types%2fcombined-stream 2042ms (from cache)
50 silly pacote tag manifest for @types/combined-stream@ts3.6 fetched in 2043ms
51 http fetch GET 304 https://registry.npmjs.org/@types%2fcontent-disposition 2026ms (from cache)
52 silly pacote tag manifest for @types/content-disposition@ts3.6 fetched in 2028ms
53 http fetch GET 304 https://registry.npmjs.org/@types%2fcolor-support 2360ms (from cache)
54 silly pacote tag manifest for @types/color-support@ts3.6 fetched in 2361ms
55 http fetch GET 304 https://registry.npmjs.org/@types%2fconcat-map 2364ms (from cache)
56 silly pacote tag manifest for @types/concat-map@ts3.6 fetched in 2365ms
57 http fetch GET 304 https://registry.npmjs.org/@types%2fdestroy 478ms (from cache)
58 silly pacote tag manifest for @types/destroy@ts3.6 fetched in 479ms
59 http fetch GET 304 https://registry.npmjs.org/@types%2fcore-util-is 2405ms (from cache)
60 silly registry:manifest no matching version for @types/core-util-is@ts3.6 in the cache. Forcing revalidation.
61 http fetch GET 304 https://registry.npmjs.org/@types%2fdebug 1482ms (from cache)
62 silly pacote tag manifest for @types/debug@ts3.6 fetched in 1483ms
63 http fetch GET 304 https://registry.npmjs.org/@types%2fdelegates 1491ms (from cache)
64 silly registry:manifest no matching version for @types/delegates@ts3.6 in the cache. Forcing revalidation.
65 http fetch GET 304 https://registry.npmjs.org/@types%2fdashdash 2408ms (from cache)
66 silly pacote tag manifest for @types/dashdash@ts3.6 fetched in 2409ms
67 http fetch GET 304 https://registry.npmjs.org/@types%2fencodeurl 1487ms (from cache)
68 silly pacote tag manifest for @types/encodeurl@ts3.6 fetched in 1489ms
69 http fetch GET 304 https://registry.npmjs.org/@types%2fdepd 2275ms (from cache)
70 silly pacote tag manifest for @types/depd@ts3.6 fetched in 2276ms
71 http fetch GET 304 https://registry.npmjs.org/@types%2fee-first 1594ms (from cache)
72 silly pacote tag manifest for @types/ee-first@ts3.6 fetched in 1596ms
73 http fetch GET 304 https://registry.npmjs.org/@types%2fdetect-libc 1961ms (from cache)
74 silly pacote tag manifest for @types/detect-libc@ts3.6 fetched in 1963ms
75 http fetch GET 304 https://registry.npmjs.org/@types%2fduplexer3 2010ms (from cache)
76 silly pacote tag manifest for @types/duplexer3@ts3.6 fetched in 2011ms
77 http fetch GET 304 https://registry.npmjs.org/@types%2ffinalhandler 393ms (from cache)
78 silly pacote tag manifest for @types/finalhandler@ts3.6 fetched in 395ms
79 http fetch GET 304 https://registry.npmjs.org/@types%2fescape-html 1495ms (from cache)
80 silly pacote tag manifest for @types/escape-html@ts3.6 fetched in 1498ms
81 http fetch GET 304 https://registry.npmjs.org/@types%2fend-of-stream 1978ms (from cache)
82 silly pacote tag manifest for @types/end-of-stream@ts3.6 fetched in 1979ms
83 http fetch GET 200 https://registry.npmjs.org/@types%2fcore-util-is 2309ms
84 silly fetchPackageMetaData error for @types/core-util-is@ts3.6 No matching version found for @types/core-util-is@ts3.6.
85 http fetch GET 304 https://registry.npmjs.org/@types%2ffresh 728ms (from cache)
86 silly pacote tag manifest for @types/fresh@ts3.6 fetched in 732ms
87 http fetch GET 304 https://registry.npmjs.org/@types%2ffs-minipass 800ms (from cache)
88 silly registry:manifest no matching version for @types/fs-minipass@ts3.6 in the cache. Forcing revalidation.
89 http fetch GET 304 https://registry.npmjs.org/@types%2fextend 1491ms (from cache)
90 silly pacote tag manifest for @types/extend@ts3.6 fetched in 1493ms
91 http fetch GET 200 https://registry.npmjs.org/@types%2fdelegates 2303ms
92 silly fetchPackageMetaData error for @types/delegates@ts3.6 No matching version found for @types/delegates@ts3.6.
93 http fetch GET 304 https://registry.npmjs.org/@types%2ffill-range 1522ms (from cache)
94 silly registry:manifest no matching version for @types/fill-range@ts3.6 in the cache. Forcing revalidation.
95 http fetch GET 200 https://registry.npmjs.org/@types%2ffs-minipass 405ms
96 http fetch GET 304 https://registry.npmjs.org/@types%2fgraceful-fs 260ms (from cache)
97 silly fetchPackageMetaData error for @types/fs-minipass@ts3.6 No matching version found for @types/fs-minipass@ts3.6.
98 silly pacote tag manifest for @types/graceful-fs@ts3.6 fetched in 267ms
99 http fetch GET 304 https://registry.npmjs.org/@types%2fhttp-errors 70ms (from cache)
100 silly pacote tag manifest for @types/http-errors@ts3.6 fetched in 74ms
101 http fetch GET 304 https://registry.npmjs.org/@types%2fgetpass 672ms (from cache)
102 silly pacote tag manifest for @types/getpass@ts3.6 fetched in 680ms
103 http fetch GET 304 https://registry.npmjs.org/@types%2fhttp-cache-semantics 187ms (from cache)
104 silly pacote tag manifest for @types/http-cache-semantics@ts3.6 fetched in 192ms
105 http fetch GET 304 https://registry.npmjs.org/@types%2fetag 2412ms (from cache)
106 silly pacote tag manifest for @types/etag@ts3.6 fetched in 2418ms
107 http fetch GET 304 https://registry.npmjs.org/@types%2fforever-agent 1876ms (from cache)
108 silly pacote tag manifest for @types/forever-agent@ts3.6 fetched in 1879ms
109 http fetch GET 304 https://registry.npmjs.org/@types%2fextsprintf 2546ms (from cache)
110 silly pacote tag manifest for @types/extsprintf@ts3.6 fetched in 2547ms
111 http fetch GET 304 https://registry.npmjs.org/@types%2fforwarded 2049ms (from cache)
112 silly pacote tag manifest for @types/forwarded@ts3.6 fetched in 2051ms
113 http fetch GET 304 https://registry.npmjs.org/@types%2fini 60ms (from cache)
114 silly pacote tag manifest for @types/ini@ts3.6 fetched in 61ms
115 http fetch GET 304 https://registry.npmjs.org/@types%2fgauge 1535ms (from cache)
116 silly registry:manifest no matching version for @types/gauge@ts3.6 in the cache. Forcing revalidation.
117 http fetch GET 304 https://registry.npmjs.org/@types%2fglob-parent 1455ms (from cache)
118 silly pacote tag manifest for @types/glob-parent@ts3.6 fetched in 1456ms
119 http fetch GET 304 https://registry.npmjs.org/@types%2fhttp-signature 2939ms (from cache)
120 silly registry:manifest no matching version for @types/http-signature@ts3.6 in the cache. Forcing revalidation.
121 http fetch GET 200 https://registry.npmjs.org/@types%2ffill-range 3434ms
122 silly fetchPackageMetaData error for @types/fill-range@ts3.6 No matching version found for @types/fill-range@ts3.6.
123 http fetch GET 304 https://registry.npmjs.org/@types%2finflight 3012ms (from cache)
124 silly registry:manifest no matching version for @types/inflight@ts3.6 in the cache. Forcing revalidation.
125 http fetch GET 304 https://registry.npmjs.org/@types%2fignore-walk 3306ms (from cache)
126 silly pacote tag manifest for @types/ignore-walk@ts3.6 fetched in 3308ms
127 http fetch GET 304 https://registry.npmjs.org/@types%2fignore-by-default 3406ms (from cache)
128 silly registry:manifest no matching version for @types/ignore-by-default@ts3.6 in the cache. Forcing revalidation.
129 http fetch GET 304 https://registry.npmjs.org/@types%2fis-extglob 2509ms (from cache)
130 silly registry:manifest no matching version for @types/is-extglob@ts3.6 in the cache. Forcing revalidation.
131 http fetch GET 200 https://registry.npmjs.org/@types%2finflight 404ms
132 silly fetchPackageMetaData error for @types/inflight@ts3.6 No matching version found for @types/inflight@ts3.6.
133 http fetch GET 304 https://registry.npmjs.org/@types%2fimurmurhash 3508ms (from cache)
134 silly pacote tag manifest for @types/imurmurhash@ts3.6 fetched in 3510ms
135 http fetch GET 304 https://registry.npmjs.org/@types%2fis-glob 673ms (from cache)
136 http fetch GET 304 https://registry.npmjs.org/@types%2fis-ci 3075ms (from cache)
137 silly pacote tag manifest for @types/is-glob@ts3.6 fetched in 676ms
138 silly pacote tag manifest for @types/is-ci@ts3.6 fetched in 3079ms
139 http fetch GET 304 https://registry.npmjs.org/@types%2finherits 3420ms (from cache)
140 silly pacote tag manifest for @types/inherits@ts3.6 fetched in 3422ms
141 http fetch GET 200 https://registry.npmjs.org/@types%2fgauge 3438ms
142 silly fetchPackageMetaData error for @types/gauge@ts3.6 No matching version found for @types/gauge@ts3.6.
143 http fetch GET 304 https://registry.npmjs.org/@types%2fjsbn 662ms (from cache)
144 silly pacote tag manifest for @types/jsbn@ts3.6 fetched in 663ms
145 http fetch GET 200 https://registry.npmjs.org/@types%2fhttp-signature 1902ms
146 silly fetchPackageMetaData error for @types/http-signature@ts3.6 No matching version found for @types/http-signature@ts3.6.
147 http fetch GET 304 https://registry.npmjs.org/@types%2fjson-schema 105ms (from cache)
148 silly pacote tag manifest for @types/json-schema@ts3.6 fetched in 106ms
149 http fetch GET 200 https://registry.npmjs.org/@types%2fignore-by-default 1461ms
150 silly fetchPackageMetaData error for @types/ignore-by-default@ts3.6 No matching version found for @types/ignore-by-default@ts3.6.
151 http fetch GET 304 https://registry.npmjs.org/@types%2fis-number 1560ms (from cache)
152 silly pacote tag manifest for @types/is-number@ts3.6 fetched in 1563ms
153 http fetch GET 200 https://registry.npmjs.org/@types%2fis-extglob 1475ms
154 silly fetchPackageMetaData error for @types/is-extglob@ts3.6 No matching version found for @types/is-extglob@ts3.6.
155 http fetch GET 304 https://registry.npmjs.org/@types%2flodash.includes 92ms (from cache)
156 silly pacote tag manifest for @types/lodash.includes@ts3.6 fetched in 93ms
157 http fetch GET 304 https://registry.npmjs.org/@types%2fisexe 1547ms (from cache)
158 silly pacote tag manifest for @types/isexe@ts3.6 fetched in 1549ms
159 http fetch GET 304 https://registry.npmjs.org/@types%2flodash.isinteger 80ms (from cache)
160 silly pacote tag manifest for @types/lodash.isinteger@ts3.6 fetched in 81ms
161 http fetch GET 304 https://registry.npmjs.org/@types%2fjsprim 655ms (from cache)
162 silly registry:manifest no matching version for @types/jsprim@ts3.6 in the cache. Forcing revalidation.
163 http fetch GET 304 https://registry.npmjs.org/@types%2fjwa 681ms (from cache)
164 silly pacote tag manifest for @types/jwa@ts3.6 fetched in 683ms
165 http fetch GET 304 https://registry.npmjs.org/@types%2fis-typedarray 2028ms (from cache)
166 silly pacote tag manifest for @types/is-typedarray@ts3.6 fetched in 2029ms
167 http fetch GET 304 https://registry.npmjs.org/@types%2fjson-buffer 1522ms (from cache)
168 silly pacote tag manifest for @types/json-buffer@ts3.6 fetched in 1523ms
169 http fetch GET 304 https://registry.npmjs.org/@types%2flodash.once 92ms (from cache)
170 silly pacote tag manifest for @types/lodash.once@ts3.6 fetched in 93ms
171 http fetch GET 304 https://registry.npmjs.org/@types%2fisstream 2024ms (from cache)
172 silly pacote tag manifest for @types/isstream@ts3.6 fetched in 2025ms
173 http fetch GET 304 https://registry.npmjs.org/@types%2fisarray 2372ms (from cache)
174 silly pacote tag manifest for @types/isarray@ts3.6 fetched in 2373ms
175 http fetch GET 304 https://registry.npmjs.org/@types%2flodash.isstring 425ms (from cache)
176 silly pacote tag manifest for @types/lodash.isstring@ts3.6 fetched in 426ms
177 http fetch GET 304 https://registry.npmjs.org/@types%2fmime 72ms (from cache)
178 silly pacote tag manifest for @types/mime@ts3.6 fetched in 73ms
179 http fetch GET 304 https://registry.npmjs.org/@types%2fmime-db 61ms (from cache)
180 silly pacote tag manifest for @types/mime-db@ts3.6 fetched in 62ms
181 http fetch GET 304 https://registry.npmjs.org/@types%2fjws 1447ms (from cache)
182 silly pacote tag manifest for @types/jws@ts3.6 fetched in 1449ms
183 http fetch GET 304 https://registry.npmjs.org/@types%2fmime-types 407ms (from cache)
184 silly pacote tag manifest for @types/mime-types@ts3.6 fetched in 408ms
185 http fetch GET 304 https://registry.npmjs.org/@types%2fjson-stringify-safe 1998ms (from cache)
186 silly pacote tag manifest for @types/json-stringify-safe@ts3.6 fetched in 2000ms
187 http fetch GET 200 https://registry.npmjs.org/@types%2fjsprim 1476ms
188 silly fetchPackageMetaData error for @types/jsprim@ts3.6 No matching version found for @types/jsprim@ts3.6.
189 http fetch GET 304 https://registry.npmjs.org/@types%2flodash.isnumber 1537ms (from cache)
190 silly pacote tag manifest for @types/lodash.isnumber@ts3.6 fetched in 1538ms
191 http fetch GET 304 https://registry.npmjs.org/@types%2fms 362ms (from cache)
192 silly pacote tag manifest for @types/ms@ts3.6 fetched in 364ms
193 http fetch GET 304 https://registry.npmjs.org/@types%2flodash.isboolean 2374ms (from cache)
194 silly pacote tag manifest for @types/lodash.isboolean@ts3.6 fetched in 2376ms
195 http fetch GET 304 https://registry.npmjs.org/@types%2fmerge-descriptors 2104ms (from cache)
196 silly pacote tag manifest for @types/merge-descriptors@ts3.6 fetched in 2105ms
197 http fetch GET 304 https://registry.npmjs.org/@types%2flodash.isplainobject 2392ms (from cache)
198 silly pacote tag manifest for @types/lodash.isplainobject@ts3.6 fetched in 2393ms
199 http fetch GET 304 https://registry.npmjs.org/@types%2fnormalize-path 49ms (from cache)
200 silly pacote tag manifest for @types/normalize-path@ts3.6 fetched in 50ms
201 http fetch GET 304 https://registry.npmjs.org/@types%2fmedia-typer 2352ms (from cache)
202 silly pacote tag manifest for @types/media-typer@ts3.6 fetched in 2354ms
203 http fetch GET 304 https://registry.npmjs.org/@types%2fnpmlog 369ms (from cache)
204 silly pacote tag manifest for @types/npmlog@ts3.6 fetched in 371ms
205 http fetch GET 304 https://registry.npmjs.org/@types%2fmethods 2367ms (from cache)
206 silly pacote tag manifest for @types/methods@ts3.6 fetched in 2368ms
207 http fetch GET 304 https://registry.npmjs.org/@types%2fnegotiator 1501ms (from cache)
208 silly pacote tag manifest for @types/negotiator@ts3.6 fetched in 1502ms
209 http fetch GET 304 https://registry.npmjs.org/@types%2fminizlib 2102ms (from cache)
210 silly pacote tag manifest for @types/minizlib@ts3.6 fetched in 2103ms
211 http fetch GET 304 https://registry.npmjs.org/@types%2fobject-assign 398ms (from cache)
212 silly pacote tag manifest for @types/object-assign@ts3.6 fetched in 399ms
213 http fetch GET 304 https://registry.npmjs.org/@types%2fminimist 2404ms (from cache)
214 silly pacote tag manifest for @types/minimist@ts3.6 fetched in 2405ms
215 http fetch GET 304 https://registry.npmjs.org/@types%2fneedle 1973ms (from cache)
216 silly pacote tag manifest for @types/needle@ts3.6 fetched in 1974ms
217 http fetch GET 304 https://registry.npmjs.org/@types%2fnopt 1498ms (from cache)
218 silly pacote tag manifest for @types/nopt@ts3.6 fetched in 1499ms
219 http fetch GET 304 https://registry.npmjs.org/@types%2fnode-fetch 1865ms (from cache)
220 silly pacote tag manifest for @types/node-fetch@ts3.6 fetched in 1867ms
221 http fetch GET 304 https://registry.npmjs.org/@types%2fon-finished 656ms (from cache)
222 silly pacote tag manifest for @types/on-finished@ts3.6 fetched in 657ms
223 http fetch GET 304 https://registry.npmjs.org/@types%2fonce 697ms (from cache)
224 silly pacote tag manifest for @types/once@ts3.6 fetched in 698ms
225 http fetch GET 304 https://registry.npmjs.org/@types%2fparseurl 654ms (from cache)
226 silly pacote tag manifest for @types/parseurl@ts3.6 fetched in 655ms
227 http fetch GET 304 https://registry.npmjs.org/@types%2fpath-is-absolute 686ms (from cache)
228 silly pacote tag manifest for @types/path-is-absolute@ts3.6 fetched in 687ms
229 http fetch GET 304 https://registry.npmjs.org/@types%2fnumber-is-nan 1539ms (from cache)
230 silly pacote tag manifest for @types/number-is-nan@ts3.6 fetched in 1540ms
231 http fetch GET 304 https://registry.npmjs.org/@types%2fqs 98ms (from cache)
232 silly pacote tag manifest for @types/qs@ts3.6 fetched in 101ms
233 http fetch GET 304 https://registry.npmjs.org/@types%2frange-parser 82ms (from cache)
234 silly pacote tag manifest for @types/range-parser@ts3.6 fetched in 83ms
235 http fetch GET 304 https://registry.npmjs.org/@types%2fosenv 1519ms (from cache)
236 silly pacote tag manifest for @types/osenv@ts3.6 fetched in 1520ms
237 http fetch GET 304 https://registry.npmjs.org/@types%2fnpm-packlist 2354ms (from cache)
238 silly pacote tag manifest for @types/npm-packlist@ts3.6 fetched in 2355ms
239 http fetch GET 304 https://registry.npmjs.org/@types%2fproxy-addr 1496ms (from cache)
240 silly pacote tag manifest for @types/proxy-addr@ts3.6 fetched in 1497ms
241 http fetch GET 304 https://registry.npmjs.org/@types%2fos-tmpdir 1826ms (from cache)
242 silly pacote tag manifest for @types/os-tmpdir@ts3.6 fetched in 1827ms
243 http fetch GET 304 https://registry.npmjs.org/@types%2fos-homedir 1968ms (from cache)
244 silly pacote tag manifest for @types/os-homedir@ts3.6 fetched in 1969ms
245 http fetch GET 304 https://registry.npmjs.org/@types%2fregistry-auth-token 700ms (from cache)
246 silly pacote tag manifest for @types/registry-auth-token@ts3.6 fetched in 702ms
247 http fetch GET 304 https://registry.npmjs.org/@types%2fpicomatch 2062ms (from cache)
248 silly pacote tag manifest for @types/picomatch@ts3.6 fetched in 2063ms
249 http fetch GET 304 https://registry.npmjs.org/@types%2fpunycode 1456ms (from cache)
250 silly pacote tag manifest for @types/punycode@ts3.6 fetched in 1457ms
251 http fetch GET 304 https://registry.npmjs.org/@types%2fpump 1531ms (from cache)
252 silly pacote tag manifest for @types/pump@ts3.6 fetched in 1533ms
253 http fetch GET 304 https://registry.npmjs.org/@types%2fsend 96ms (from cache)
254 silly pacote tag manifest for @types/send@ts3.6 fetched in 97ms
255 http fetch GET 304 https://registry.npmjs.org/@types%2frc 1542ms (from cache)
256 silly pacote tag manifest for @types/rc@ts3.6 fetched in 1543ms
257 http fetch GET 304 https://registry.npmjs.org/@types%2fsemver 385ms (from cache)
258 silly pacote tag manifest for @types/semver@ts3.6 fetched in 387ms
259 http fetch GET 304 https://registry.npmjs.org/@types%2fpsl 2371ms (from cache)
260 silly pacote tag manifest for @types/psl@ts3.6 fetched in 2373ms
261 http fetch GET 304 https://registry.npmjs.org/@types%2fsax 704ms (from cache)
262 silly pacote tag manifest for @types/sax@ts3.6 fetched in 705ms
263 http fetch GET 304 https://registry.npmjs.org/@types%2fserve-static 654ms (from cache)
264 silly pacote tag manifest for @types/serve-static@ts3.6 fetched in 656ms
265 http fetch GET 304 https://registry.npmjs.org/@types%2freadable-stream 1586ms (from cache)
266 silly pacote tag manifest for @types/readable-stream@ts3.6 fetched in 1587ms
267 http fetch GET 304 https://registry.npmjs.org/@types%2fset-blocking 678ms (from cache)
268 silly registry:manifest no matching version for @types/set-blocking@ts3.6 in the cache. Forcing revalidation.
269 http fetch GET 304 https://registry.npmjs.org/@types%2frequest 1524ms (from cache)
270 silly pacote tag manifest for @types/request@ts3.6 fetched in 1526ms
271 http fetch GET 304 https://registry.npmjs.org/@types%2fstatuses 677ms (from cache)
272 silly pacote tag manifest for @types/statuses@ts3.6 fetched in 678ms
273 http fetch GET 304 https://registry.npmjs.org/@types%2ftar 659ms (from cache)
274 silly pacote tag manifest for @types/tar@ts3.6 fetched in 660ms
275 http fetch GET 304 https://registry.npmjs.org/@types%2fto-regex-range 653ms (from cache)
276 silly registry:manifest no matching version for @types/to-regex-range@ts3.6 in the cache. Forcing revalidation.
277 http fetch GET 304 https://registry.npmjs.org/@types%2fsafer-buffer 1904ms (from cache)
278 silly pacote tag manifest for @types/safer-buffer@ts3.6 fetched in 1905ms
279 http fetch GET 304 https://registry.npmjs.org/@types%2fresponselike 2038ms (from cache)
280 silly pacote tag manifest for @types/responselike@ts3.6 fetched in 2040ms
281 http fetch GET 304 https://registry.npmjs.org/@types%2ftouch 663ms (from cache)
282 silly pacote tag manifest for @types/touch@ts3.6 fetched in 665ms
283 http fetch GET 304 https://registry.npmjs.org/@types%2fsupports-color 1557ms (from cache)
284 silly pacote tag manifest for @types/supports-color@ts3.6 fetched in 1559ms
285 http fetch GET 304 https://registry.npmjs.org/@types%2fsshpk 1915ms (from cache)
286 silly pacote tag manifest for @types/sshpk@ts3.6 fetched in 1917ms
287 http fetch GET 200 https://registry.npmjs.org/@types%2fset-blocking 1524ms
288 silly fetchPackageMetaData error for @types/set-blocking@ts3.6 No matching version found for @types/set-blocking@ts3.6.
289 http fetch GET 304 https://registry.npmjs.org/@types%2fsignal-exit 2371ms (from cache)
290 silly pacote tag manifest for @types/signal-exit@ts3.6 fetched in 2374ms
291 http fetch GET 304 https://registry.npmjs.org/@types%2ftough-cookie 1461ms (from cache)
292 silly pacote tag manifest for @types/tough-cookie@ts3.6 fetched in 1462ms
293 http fetch GET 304 https://registry.npmjs.org/@types%2fuuid 74ms (from cache)
294 silly pacote tag manifest for @types/uuid@ts3.6 fetched in 75ms
295 http fetch GET 200 https://registry.npmjs.org/@types%2ftypedarray-to-buffer 1542ms
296 silly fetchPackageMetaData error for @types/typedarray-to-buffer@ts3.6 No matching version found for @types/typedarray-to-buffer@ts3.6.
297 http fetch GET 304 https://registry.npmjs.org/@types%2ftoidentifier 2357ms (from cache)
298 silly registry:manifest no matching version for @types/toidentifier@ts3.6 in the cache. Forcing revalidation.
299 http fetch GET 200 https://registry.npmjs.org/@types%2ftr46 1948ms
300 silly fetchPackageMetaData error for @types/tr46@ts3.6 No matching version found for @types/tr46@ts3.6.
301 http fetch GET 304 https://registry.npmjs.org/@types%2ftype-is 1907ms (from cache)
302 silly pacote tag manifest for @types/type-is@ts3.6 fetched in 1908ms
303 http fetch GET 200 https://registry.npmjs.org/@types%2fto-regex-range 2396ms
304 silly fetchPackageMetaData error for @types/to-regex-range@ts3.6 No matching version found for @types/to-regex-range@ts3.6.
305 http fetch GET 304 https://registry.npmjs.org/@types%2fwhatwg-url 417ms (from cache)
306 silly pacote tag manifest for @types/whatwg-url@ts3.6 fetched in 418ms
307 http fetch GET 304 https://registry.npmjs.org/@types%2futil-deprecate 1525ms (from cache)
308 silly pacote tag manifest for @types/util-deprecate@ts3.6 fetched in 1527ms
309 http fetch GET 304 https://registry.npmjs.org/@types%2futils-merge 1546ms (from cache)
310 silly pacote tag manifest for @types/utils-merge@ts3.6 fetched in 1548ms
311 http fetch GET 304 https://registry.npmjs.org/@types%2furl-parse-lax 2012ms (from cache)
312 silly registry:manifest no matching version for @types/url-parse-lax@ts3.6 in the cache. Forcing revalidation.
313 http fetch GET 304 https://registry.npmjs.org/@types%2fvary 1517ms (from cache)
314 silly pacote tag manifest for @types/vary@ts3.6 fetched in 1518ms
315 http fetch GET 304 https://registry.npmjs.org/@types%2fyallist 672ms (from cache)
316 silly pacote tag manifest for @types/yallist@ts3.6 fetched in 673ms
317 http fetch GET 304 https://registry.npmjs.org/@types%2fwhich 765ms (from cache)
318 silly pacote tag manifest for @types/which@ts3.6 fetched in 766ms
319 http fetch GET 304 https://registry.npmjs.org/@types%2fupdate-notifier 2440ms (from cache)
320 silly pacote tag manifest for @types/update-notifier@ts3.6 fetched in 2443ms
321 http fetch GET 200 https://registry.npmjs.org/@types%2ftoidentifier 1493ms
322 silly fetchPackageMetaData error for @types/toidentifier@ts3.6 No matching version found for @types/toidentifier@ts3.6.
323 http fetch GET 200 https://registry.npmjs.org/@types%2furl-parse-lax 704ms
324 silly fetchPackageMetaData error for @types/url-parse-lax@ts3.6 No matching version found for @types/url-parse-lax@ts3.6.
325 http fetch GET 304 https://registry.npmjs.org/@types%2fwebidl-conversions 2012ms (from cache)
326 silly pacote tag manifest for @types/webidl-conversions@ts3.6 fetched in 2013ms
327 http fetch GET 304 https://registry.npmjs.org/@types%2fverror 2418ms (from cache)
328 silly pacote tag manifest for @types/verror@ts3.6 fetched in 2419ms
329 http fetch GET 304 https://registry.npmjs.org/@types%2fwrite-file-atomic 1964ms (from cache)
330 silly pacote tag manifest for @types/write-file-atomic@ts3.6 fetched in 1967ms
331 timing stage:rollbackFailedOptional Completed in 0ms
332 timing stage:runTopLevelLifecycles Completed in 25377ms
333 verbose type tag
334 verbose stack @types/ansi-align: No matching version found for @types/ansi-align@ts3.6.
334 verbose stack     at pickManifest (/usr/local/lib/node_modules/npm/node_modules/npm-pick-manifest/index.js:122:13)
334 verbose stack     at /usr/local/lib/node_modules/npm/node_modules/pacote/lib/fetchers/registry/manifest.js:24:14
334 verbose stack     at tryCatcher (/usr/local/lib/node_modules/npm/node_modules/bluebird/js/release/util.js:16:23)
334 verbose stack     at Promise._settlePromiseFromHandler (/usr/local/lib/node_modules/npm/node_modules/bluebird/js/release/promise.js:517:31)
334 verbose stack     at Promise._settlePromise (/usr/local/lib/node_modules/npm/node_modules/bluebird/js/release/promise.js:574:18)
334 verbose stack     at Promise._settlePromise0 (/usr/local/lib/node_modules/npm/node_modules/bluebird/js/release/promise.js:619:10)
334 verbose stack     at Promise._settlePromises (/usr/local/lib/node_modules/npm/node_modules/bluebird/js/release/promise.js:699:18)
334 verbose stack     at _drainQueueStep (/usr/local/lib/node_modules/npm/node_modules/bluebird/js/release/async.js:138:12)
334 verbose stack     at _drainQueue (/usr/local/lib/node_modules/npm/node_modules/bluebird/js/release/async.js:131:9)
334 verbose stack     at Async._drainQueues (/usr/local/lib/node_modules/npm/node_modules/bluebird/js/release/async.js:147:5)
334 verbose stack     at Immediate.Async.drainQueues [as _onImmediate] (/usr/local/lib/node_modules/npm/node_modules/bluebird/js/release/async.js:17:14)
334 verbose stack     at processImmediate (internal/timers.js:456:21)
335 verbose cwd /home/theia/.cache/typescript/3.6
336 verbose Linux 5.15.133.1-microsoft-standard-WSL2
337 verbose argv "/usr/local/bin/node" "/usr/local/bin/npm" "install" "--ignore-scripts" "@types/abbrev@ts3.6" "@types/accepts@ts3.6" "@types/ansi-align@ts3.6" "@types/are-we-there-yet@ts3.6" "@types/asn1@ts3.6" "@types/assert-plus@ts3.6" "@types/aws4@ts3.6" "@types/balanced-match@ts3.6" "@types/body-parser@ts3.6" "@types/brace-expansion@ts3.6" "@types/braces@ts3.6" "@types/bytes@ts3.6" "@types/caseless@ts3.6" "@types/chownr@ts3.6" "@types/color-convert@ts3.6" "@types/color-name@ts3.6" "@types/color-support@ts3.6" "@types/combined-stream@ts3.6" "@types/concat-map@ts3.6" "@types/configstore@ts3.6" "@types/content-disposition@ts3.6" "@types/content-type@ts3.6" "@types/cookie@ts3.6" "@types/cookie-signature@ts3.6" "@types/core-util-is@ts3.6" "@types/dashdash@ts3.6" "@types/debug@ts3.6" "@types/deep-extend@ts3.6" "@types/delegates@ts3.6" "@types/depd@ts3.6" "@types/destroy@ts3.6" "@types/detect-libc@ts3.6" "@types/duplexer3@ts3.6" "@types/ee-first@ts3.6" "@types/encodeurl@ts3.6" "@types/end-of-stream@ts3.6" "@types/escape-html@ts3.6" "@types/etag@ts3.6" "@types/extend@ts3.6" "@types/extsprintf@ts3.6" "@types/fill-range@ts3.6" "@types/finalhandler@ts3.6" "@types/forever-agent@ts3.6" "@types/forwarded@ts3.6" "@types/fresh@ts3.6" "@types/fs-minipass@ts3.6" "@types/gauge@ts3.6" "@types/getpass@ts3.6" "@types/glob-parent@ts3.6" "@types/graceful-fs@ts3.6" "@types/http-cache-semantics@ts3.6" "@types/http-errors@ts3.6" "@types/http-signature@ts3.6" "@types/ignore-by-default@ts3.6" "@types/ignore-walk@ts3.6" "@types/imurmurhash@ts3.6" "@types/inflight@ts3.6" "@types/inherits@ts3.6" "@types/ini@ts3.6" "@types/is-ci@ts3.6" "@types/is-extglob@ts3.6" "@types/is-glob@ts3.6" "@types/is-number@ts3.6" "@types/is-typedarray@ts3.6" "@types/isarray@ts3.6" "@types/isexe@ts3.6" "@types/isstream@ts3.6" "@types/jsbn@ts3.6" "@types/json-buffer@ts3.6" "@types/json-schema@ts3.6" "@types/json-stringify-safe@ts3.6" "@types/jsprim@ts3.6" "@types/jwa@ts3.6" "@types/jws@ts3.6" "@types/lodash.includes@ts3.6" "@types/lodash.isboolean@ts3.6" "@types/lodash.isinteger@ts3.6" "@types/lodash.isnumber@ts3.6" "@types/lodash.isplainobject@ts3.6" "@types/lodash.isstring@ts3.6" "@types/lodash.once@ts3.6" "@types/media-typer@ts3.6" "@types/merge-descriptors@ts3.6" "@types/methods@ts3.6" "@types/mime@ts3.6" "@types/mime-db@ts3.6" "@types/mime-types@ts3.6" "@types/minimist@ts3.6" "@types/minizlib@ts3.6" "@types/ms@ts3.6" "@types/needle@ts3.6" "@types/negotiator@ts3.6" "@types/node-fetch@ts3.6" "@types/nopt@ts3.6" "@types/normalize-path@ts3.6" "@types/npm-packlist@ts3.6" "@types/npmlog@ts3.6" "@types/number-is-nan@ts3.6" "@types/object-assign@ts3.6" "@types/on-finished@ts3.6" "@types/once@ts3.6" "@types/os-homedir@ts3.6" "@types/os-tmpdir@ts3.6" "@types/osenv@ts3.6" "@types/parseurl@ts3.6" "@types/path-is-absolute@ts3.6" "@types/picomatch@ts3.6" "@types/proxy-addr@ts3.6" "@types/psl@ts3.6" "@types/pump@ts3.6" "@types/punycode@ts3.6" "@types/qs@ts3.6" "@types/range-parser@ts3.6" "@types/rc@ts3.6" "@types/readable-stream@ts3.6" "@types/registry-auth-token@ts3.6" "@types/request@ts3.6" "@types/responselike@ts3.6" "@types/safer-buffer@ts3.6" "@types/sax@ts3.6" "@types/semver@ts3.6" "@types/send@ts3.6" "@types/serve-static@ts3.6" "@types/set-blocking@ts3.6" "@types/signal-exit@ts3.6" "@types/sshpk@ts3.6" "@types/statuses@ts3.6" "@types/supports-color@ts3.6" "@types/tar@ts3.6" "@types/to-regex-range@ts3.6" "@types/toidentifier@ts3.6" "@types/touch@ts3.6" "@types/tough-cookie@ts3.6" "@types/tr46@ts3.6" "@types/type-is@ts3.6" "@types/typedarray-to-buffer@ts3.6" "@types/update-notifier@ts3.6" "@types/url-parse-lax@ts3.6" "@types/util-deprecate@ts3.6" "@types/utils-merge@ts3.6" "@types/uuid@ts3.6" "@types/vary@ts3.6" "@types/verror@ts3.6" "@types/webidl-conversions@ts3.6" "@types/whatwg-url@ts3.6" "@types/which@ts3.6" "@types/write-file-atomic@ts3.6" "@types/yallist@ts3.6" "--save-dev" "--user-agent=typesInstaller/3.6.3"
338 verbose node v12.18.3
339 verbose npm  v6.14.6
340 error code ETARGET
341 error notarget No matching version found for @types/ansi-align@ts3.6.
342 error notarget In most cases you or one of your dependencies are requesting
342 error notarget a package version that doesn't exist.
343 verbose exit [ 1, true ]
