0 info it worked if it ends with ok
1 verbose cli [
1 verbose cli   '/usr/local/bin/node',
1 verbose cli   '/usr/local/bin/npm',
1 verbose cli   'install',
1 verbose cli   '--ignore-scripts',
1 verbose cli   '@types/abbrev@ts3.6',
1 verbose cli   '@types/accepts@ts3.6',
1 verbose cli   '@types/ansi-align@ts3.6',
1 verbose cli   '@types/are-we-there-yet@ts3.6',
1 verbose cli   '@types/asn1@ts3.6',
1 verbose cli   '@types/assert-plus@ts3.6',
1 verbose cli   '@types/aws4@ts3.6',
1 verbose cli   '@types/balanced-match@ts3.6',
1 verbose cli   '@types/body-parser@ts3.6',
1 verbose cli   '@types/brace-expansion@ts3.6',
1 verbose cli   '@types/braces@ts3.6',
1 verbose cli   '@types/bytes@ts3.6',
1 verbose cli   '@types/caseless@ts3.6',
1 verbose cli   '@types/chownr@ts3.6',
1 verbose cli   '@types/color-convert@ts3.6',
1 verbose cli   '@types/color-name@ts3.6',
1 verbose cli   '@types/combined-stream@ts3.6',
1 verbose cli   '@types/concat-map@ts3.6',
1 verbose cli   '@types/configstore@ts3.6',
1 verbose cli   '@types/content-disposition@ts3.6',
1 verbose cli   '@types/content-type@ts3.6',
1 verbose cli   '@types/cookie@ts3.6',
1 verbose cli   '@types/cookie-signature@ts3.6',
1 verbose cli   '@types/core-util-is@ts3.6',
1 verbose cli   '@types/dashdash@ts3.6',
1 verbose cli   '@types/debug@ts3.6',
1 verbose cli   '@types/deep-extend@ts3.6',
1 verbose cli   '@types/delegates@ts3.6',
1 verbose cli   '@types/depd@ts3.6',
1 verbose cli   '@types/destroy@ts3.6',
1 verbose cli   '@types/detect-libc@ts3.6',
1 verbose cli   '@types/duplexer3@ts3.6',
1 verbose cli   '@types/ee-first@ts3.6',
1 verbose cli   '@types/encodeurl@ts3.6',
1 verbose cli   '@types/end-of-stream@ts3.6',
1 verbose cli   '@types/escape-html@ts3.6',
1 verbose cli   '@types/etag@ts3.6',
1 verbose cli   '@types/extend@ts3.6',
1 verbose cli   '@types/extsprintf@ts3.6',
1 verbose cli   '@types/fill-range@ts3.6',
1 verbose cli   '@types/finalhandler@ts3.6',
1 verbose cli   '@types/forever-agent@ts3.6',
1 verbose cli   '@types/forwarded@ts3.6',
1 verbose cli   '@types/fresh@ts3.6',
1 verbose cli   '@types/fs-minipass@ts3.6',
1 verbose cli   '@types/gauge@ts3.6',
1 verbose cli   '@types/getpass@ts3.6',
1 verbose cli   '@types/glob-parent@ts3.6',
1 verbose cli   '@types/graceful-fs@ts3.6',
1 verbose cli   '@types/http-cache-semantics@ts3.6',
1 verbose cli   '@types/http-errors@ts3.6',
1 verbose cli   '@types/http-signature@ts3.6',
1 verbose cli   '@types/ignore-by-default@ts3.6',
1 verbose cli   '@types/ignore-walk@ts3.6',
1 verbose cli   '@types/imurmurhash@ts3.6',
1 verbose cli   '@types/inflight@ts3.6',
1 verbose cli   '@types/inherits@ts3.6',
1 verbose cli   '@types/ini@ts3.6',
1 verbose cli   '@types/is-ci@ts3.6',
1 verbose cli   '@types/is-extglob@ts3.6',
1 verbose cli   '@types/is-glob@ts3.6',
1 verbose cli   '@types/is-number@ts3.6',
1 verbose cli   '@types/is-typedarray@ts3.6',
1 verbose cli   '@types/isarray@ts3.6',
1 verbose cli   '@types/isexe@ts3.6',
1 verbose cli   '@types/isstream@ts3.6',
1 verbose cli   '@types/jsbn@ts3.6',
1 verbose cli   '@types/json-buffer@ts3.6',
1 verbose cli   '@types/json-schema@ts3.6',
1 verbose cli   '@types/json-stringify-safe@ts3.6',
1 verbose cli   '@types/jsprim@ts3.6',
1 verbose cli   '@types/media-typer@ts3.6',
1 verbose cli   '@types/merge-descriptors@ts3.6',
1 verbose cli   '@types/methods@ts3.6',
1 verbose cli   '@types/mime@ts3.6',
1 verbose cli   '@types/mime-db@ts3.6',
1 verbose cli   '@types/mime-types@ts3.6',
1 verbose cli   '@types/minimist@ts3.6',
1 verbose cli   '@types/minizlib@ts3.6',
1 verbose cli   '@types/ms@ts3.6',
1 verbose cli   '@types/needle@ts3.6',
1 verbose cli   '@types/negotiator@ts3.6',
1 verbose cli   '@types/nopt@ts3.6',
1 verbose cli   '@types/normalize-path@ts3.6',
1 verbose cli   '@types/npm-packlist@ts3.6',
1 verbose cli   '@types/npmlog@ts3.6',
1 verbose cli   '@types/number-is-nan@ts3.6',
1 verbose cli   '@types/object-assign@ts3.6',
1 verbose cli   '@types/on-finished@ts3.6',
1 verbose cli   '@types/once@ts3.6',
1 verbose cli   '@types/os-homedir@ts3.6',
1 verbose cli   '@types/os-tmpdir@ts3.6',
1 verbose cli   '@types/osenv@ts3.6',
1 verbose cli   '@types/parseurl@ts3.6',
1 verbose cli   '@types/path-is-absolute@ts3.6',
1 verbose cli   '@types/picomatch@ts3.6',
1 verbose cli   ... 40 more items
1 verbose cli ]
2 info using npm@6.14.6
3 info using node@v12.18.3
4 verbose npm-session fe8d84394d0c67f4
5 silly install loadCurrentTree
6 silly install readLocalPackageData
7 http fetch GET 200 https://registry.npmjs.org/@types%2faccepts 300ms
8 http fetch GET 200 https://registry.npmjs.org/@types%2fbrace-expansion 297ms
9 http fetch GET 200 https://registry.npmjs.org/@types%2faws4 299ms
10 http fetch GET 200 https://registry.npmjs.org/@types%2fassert-plus 307ms
11 http fetch GET 304 https://registry.npmjs.org/@types%2fbody-parser 313ms (from cache)
12 http fetch GET 200 https://registry.npmjs.org/@types/accepts/-/accepts-1.3.5.tgz 114ms
13 silly pacote tag manifest for @types/accepts@ts3.6 fetched in 430ms
14 http fetch GET 200 https://registry.npmjs.org/@types%2fbraces 90ms
15 http fetch GET 200 https://registry.npmjs.org/@types%2fabbrev 552ms
16 http fetch GET 200 https://registry.npmjs.org/@types%2fbalanced-match 548ms
17 http fetch GET 200 https://registry.npmjs.org/@types/abbrev/-/abbrev-1.1.1.tgz 363ms
18 silly pacote tag manifest for @types/abbrev@ts3.6 fetched in 929ms
19 http fetch GET 200 https://registry.npmjs.org/@types%2fbytes 95ms
20 http fetch GET 200 https://registry.npmjs.org/@types/aws4/-/aws4-1.5.2.tgz 1084ms
21 silly pacote tag manifest for @types/aws4@ts3.6 fetched in 1394ms
22 http fetch GET 200 https://registry.npmjs.org/@types/assert-plus/-/assert-plus-1.0.4.tgz 1114ms
23 silly pacote tag manifest for @types/assert-plus@ts3.6 fetched in 1436ms
24 http fetch GET 200 https://registry.npmjs.org/@types/brace-expansion/-/brace-expansion-1.1.0.tgz 1160ms
25 silly pacote tag manifest for @types/brace-expansion@ts3.6 fetched in 1466ms
26 http fetch GET 200 https://registry.npmjs.org/@types%2fare-we-there-yet 1492ms
27 http fetch GET 200 https://registry.npmjs.org/@types/body-parser/-/body-parser-1.19.1.tgz 1173ms
28 silly pacote tag manifest for @types/body-parser@ts3.6 fetched in 1496ms
29 http fetch GET 200 https://registry.npmjs.org/@types%2fcaseless 112ms
30 http fetch GET 200 https://registry.npmjs.org/@types%2fchownr 103ms
31 http fetch GET 200 https://registry.npmjs.org/@types%2fcolor-convert 98ms
32 http fetch GET 200 https://registry.npmjs.org/@types%2fcolor-name 91ms
33 http fetch GET 200 https://registry.npmjs.org/@types/braces/-/braces-3.0.1.tgz 1160ms
34 http fetch GET 200 https://registry.npmjs.org/@types/color-name/-/color-name-1.1.1.tgz 88ms
35 silly pacote tag manifest for @types/braces@ts3.6 fetched in 1263ms
36 silly pacote tag manifest for @types/color-name@ts3.6 fetched in 193ms
37 http fetch GET 200 https://registry.npmjs.org/@types/balanced-match/-/balanced-match-1.0.1.tgz 1209ms
38 silly pacote tag manifest for @types/balanced-match@ts3.6 fetched in 1768ms
39 http fetch GET 200 https://registry.npmjs.org/@types%2fcombined-stream 82ms
40 http fetch GET 200 https://registry.npmjs.org/@types%2fconcat-map 94ms
41 http fetch GET 200 https://registry.npmjs.org/@types/caseless/-/caseless-0.12.2.tgz 384ms
42 silly pacote tag manifest for @types/caseless@ts3.6 fetched in 507ms
43 http fetch GET 200 https://registry.npmjs.org/@types%2fcontent-disposition 86ms
44 http fetch GET 200 https://registry.npmjs.org/@types/bytes/-/bytes-3.1.1.tgz 1104ms
45 silly pacote tag manifest for @types/bytes@ts3.6 fetched in 1208ms
46 http fetch GET 200 https://registry.npmjs.org/@types%2fconfigstore 371ms
47 http fetch GET 200 https://registry.npmjs.org/@types%2fasn1 2149ms
48 http fetch GET 200 https://registry.npmjs.org/@types%2fcontent-type 98ms
49 http fetch GET 200 https://registry.npmjs.org/@types%2fansi-align 2512ms
50 silly fetchPackageMetaData error for @types/ansi-align@ts3.6 No matching version found for @types/ansi-align@ts3.6.
51 http fetch GET 200 https://registry.npmjs.org/@types/content-type/-/content-type-1.1.5.tgz 364ms
52 silly pacote tag manifest for @types/content-type@ts3.6 fetched in 467ms
53 http fetch GET 200 https://registry.npmjs.org/@types%2fcookie 125ms
54 http fetch GET 200 https://registry.npmjs.org/@types/chownr/-/chownr-1.0.0.tgz 1114ms
55 silly pacote tag manifest for @types/chownr@ts3.6 fetched in 1222ms
56 http fetch GET 200 https://registry.npmjs.org/@types%2fcookie-signature 105ms
57 http fetch GET 200 https://registry.npmjs.org/@types/cookie/-/cookie-0.4.1.tgz 84ms
58 silly pacote tag manifest for @types/cookie@ts3.6 fetched in 214ms
59 http fetch GET 200 https://registry.npmjs.org/@types%2fcore-util-is 83ms
60 silly fetchPackageMetaData error for @types/core-util-is@ts3.6 No matching version found for @types/core-util-is@ts3.6.
61 http fetch GET 200 https://registry.npmjs.org/@types/color-convert/-/color-convert-2.0.0.tgz 1194ms
62 silly pacote tag manifest for @types/color-convert@ts3.6 fetched in 1300ms
63 http fetch GET 200 https://registry.npmjs.org/@types/are-we-there-yet/-/are-we-there-yet-1.1.0.tgz 1332ms
64 http fetch GET 200 https://registry.npmjs.org/@types%2fdashdash 103ms
65 silly pacote tag manifest for @types/are-we-there-yet@ts3.6 fetched in 2831ms
66 http fetch GET 200 https://registry.npmjs.org/@types%2fdebug 142ms
67 http fetch GET 200 https://registry.npmjs.org/@types/concat-map/-/concat-map-0.0.1.tgz 1151ms
68 silly pacote tag manifest for @types/concat-map@ts3.6 fetched in 1253ms
69 http fetch GET 200 https://registry.npmjs.org/@types/combined-stream/-/combined-stream-1.0.3.tgz 1204ms
70 silly pacote tag manifest for @types/combined-stream@ts3.6 fetched in 1295ms
71 http fetch GET 200 https://registry.npmjs.org/@types%2fdepd 136ms
72 http fetch GET 200 https://registry.npmjs.org/@types%2fdestroy 134ms
73 http fetch GET 200 https://registry.npmjs.org/@types/content-disposition/-/content-disposition-0.5.4.tgz 1124ms
74 silly pacote tag manifest for @types/content-disposition@ts3.6 fetched in 1220ms
75 http fetch GET 200 https://registry.npmjs.org/@types/dashdash/-/dashdash-1.14.1.tgz 365ms
76 silly pacote tag manifest for @types/dashdash@ts3.6 fetched in 477ms
77 http fetch GET 200 https://registry.npmjs.org/@types/configstore/-/configstore-5.0.1.tgz 1179ms
78 silly pacote tag manifest for @types/configstore@ts3.6 fetched in 1559ms
79 http fetch GET 200 https://registry.npmjs.org/@types%2fee-first 108ms
80 http fetch GET 200 https://registry.npmjs.org/@types/cookie-signature/-/cookie-signature-1.0.3.tgz 1059ms
81 silly pacote tag manifest for @types/cookie-signature@ts3.6 fetched in 1175ms
82 http fetch GET 200 https://registry.npmjs.org/@types%2fencodeurl 100ms
83 http fetch GET 200 https://registry.npmjs.org/@types/debug/-/debug-4.1.7.tgz 1097ms
84 silly pacote tag manifest for @types/debug@ts3.6 fetched in 1244ms
85 http fetch GET 200 https://registry.npmjs.org/@types/depd/-/depd-1.1.32.tgz 1040ms
86 silly pacote tag manifest for @types/depd@ts3.6 fetched in 1188ms
87 http fetch GET 200 https://registry.npmjs.org/@types/asn1/-/asn1-0.2.0.tgz 1989ms
88 silly pacote tag manifest for @types/asn1@ts3.6 fetched in 4148ms
89 http fetch GET 200 https://registry.npmjs.org/@types%2fdeep-extend 1422ms
90 http fetch GET 200 https://registry.npmjs.org/@types%2fescape-html 83ms
91 http fetch GET 200 https://registry.npmjs.org/@types%2fetag 129ms
92 http fetch GET 200 https://registry.npmjs.org/@types/destroy/-/destroy-1.0.0.tgz 1159ms
93 silly pacote tag manifest for @types/destroy@ts3.6 fetched in 1298ms
94 http fetch GET 200 https://registry.npmjs.org/@types/ee-first/-/ee-first-1.1.0.tgz 1124ms
95 http fetch GET 200 https://registry.npmjs.org/@types/deep-extend/-/deep-extend-0.4.31.tgz 370ms
96 http fetch GET 200 https://registry.npmjs.org/@types/escape-html/-/escape-html-1.0.1.tgz 349ms
97 silly pacote tag manifest for @types/ee-first@ts3.6 fetched in 1239ms
98 silly pacote tag manifest for @types/deep-extend@ts3.6 fetched in 1801ms
99 silly pacote tag manifest for @types/escape-html@ts3.6 fetched in 444ms
100 http fetch GET 200 https://registry.npmjs.org/@types%2ffill-range 86ms
101 silly fetchPackageMetaData error for @types/fill-range@ts3.6 No matching version found for @types/fill-range@ts3.6.
102 http fetch GET 200 https://registry.npmjs.org/@types%2ffinalhandler 145ms
103 http fetch GET 200 https://registry.npmjs.org/@types%2fdelegates 2082ms
104 silly fetchPackageMetaData error for @types/delegates@ts3.6 No matching version found for @types/delegates@ts3.6.
105 http fetch GET 200 https://registry.npmjs.org/@types/encodeurl/-/encodeurl-1.0.0.tgz 1122ms
106 silly pacote tag manifest for @types/encodeurl@ts3.6 fetched in 1228ms
107 http fetch GET 200 https://registry.npmjs.org/@types%2fdetect-libc 2086ms
108 http fetch GET 200 https://registry.npmjs.org/@types%2fend-of-stream 1412ms
109 http fetch GET 200 https://registry.npmjs.org/@types%2fextend 1169ms
110 http fetch GET 200 https://registry.npmjs.org/@types/detect-libc/-/detect-libc-1.0.0.tgz 380ms
111 http fetch GET 200 https://registry.npmjs.org/@types%2fduplexer3 2395ms
112 silly pacote tag manifest for @types/detect-libc@ts3.6 fetched in 2477ms
113 http fetch GET 200 https://registry.npmjs.org/@types%2ffs-minipass 81ms
114 silly fetchPackageMetaData error for @types/fs-minipass@ts3.6 No matching version found for @types/fs-minipass@ts3.6.
115 http fetch GET 200 https://registry.npmjs.org/@types/end-of-stream/-/end-of-stream-1.4.1.tgz 362ms
116 silly pacote tag manifest for @types/end-of-stream@ts3.6 fetched in 1781ms
117 http fetch GET 200 https://registry.npmjs.org/@types/finalhandler/-/finalhandler-1.1.1.tgz 1063ms
118 silly pacote tag manifest for @types/finalhandler@ts3.6 fetched in 1213ms
119 http fetch GET 200 https://registry.npmjs.org/@types%2fgauge 114ms
120 silly fetchPackageMetaData error for @types/gauge@ts3.6 No matching version found for @types/gauge@ts3.6.
121 http fetch GET 200 https://registry.npmjs.org/@types%2fglob-parent 81ms
122 http fetch GET 200 https://registry.npmjs.org/@types%2fgraceful-fs 117ms
123 http fetch GET 200 https://registry.npmjs.org/@types/duplexer3/-/duplexer3-0.1.1.tgz 366ms
124 silly pacote tag manifest for @types/duplexer3@ts3.6 fetched in 2767ms
125 http fetch GET 200 https://registry.npmjs.org/@types/graceful-fs/-/graceful-fs-4.1.4.tgz 73ms
126 silly pacote tag manifest for @types/graceful-fs@ts3.6 fetched in 194ms
127 http fetch GET 200 https://registry.npmjs.org/@types%2fhttp-errors 2ms (from cache)
128 http fetch GET 200 https://registry.npmjs.org/@types%2fhttp-cache-semantics 111ms
129 http fetch GET 200 https://registry.npmjs.org/@types%2fgetpass 365ms
130 http fetch GET 200 https://registry.npmjs.org/@types%2fforwarded 1354ms
131 http fetch GET 200 https://registry.npmjs.org/@types%2ffresh 1331ms
132 http fetch GET 200 https://registry.npmjs.org/@types/forwarded/-/forwarded-0.1.0.tgz 102ms
133 silly pacote tag manifest for @types/forwarded@ts3.6 fetched in 1463ms
134 http fetch GET 200 https://registry.npmjs.org/@types%2fhttp-signature 88ms
135 silly fetchPackageMetaData error for @types/http-signature@ts3.6 No matching version found for @types/http-signature@ts3.6.
136 http fetch GET 200 https://registry.npmjs.org/@types/extend/-/extend-3.0.1.tgz 1152ms
137 silly pacote tag manifest for @types/extend@ts3.6 fetched in 2326ms
138 http fetch GET 200 https://registry.npmjs.org/@types%2fextsprintf 2252ms
139 http fetch GET 200 https://registry.npmjs.org/@types%2fforever-agent 2208ms
140 http fetch GET 200 https://registry.npmjs.org/@types%2fignore-by-default 589ms
141 silly fetchPackageMetaData error for @types/ignore-by-default@ts3.6 No matching version found for @types/ignore-by-default@ts3.6.
142 http fetch GET 200 https://registry.npmjs.org/@types/glob-parent/-/glob-parent-5.1.1.tgz 1187ms
143 http fetch GET 200 https://registry.npmjs.org/@types/http-errors/-/http-errors-1.8.1.tgz 1065ms
144 silly pacote tag manifest for @types/glob-parent@ts3.6 fetched in 1274ms
145 silly pacote tag manifest for @types/http-errors@ts3.6 fetched in 1074ms
146 http fetch GET 200 https://registry.npmjs.org/@types%2fimurmurhash 76ms
147 http fetch GET 200 https://registry.npmjs.org/@types/http-cache-semantics/-/http-cache-semantics-4.0.1.tgz 1074ms
148 http fetch GET 200 https://registry.npmjs.org/@types%2finherits 85ms
149 http fetch GET 200 https://registry.npmjs.org/@types/etag/-/etag-1.8.1.tgz 2878ms
150 silly pacote tag manifest for @types/http-cache-semantics@ts3.6 fetched in 1191ms
151 silly pacote tag manifest for @types/etag@ts3.6 fetched in 3012ms
152 http fetch GET 200 https://registry.npmjs.org/@types/forever-agent/-/forever-agent-0.6.1.tgz 372ms
153 http fetch GET 200 https://registry.npmjs.org/@types/inherits/-/inherits-0.0.30.tgz 89ms
154 http fetch GET 200 https://registry.npmjs.org/@types%2fini 88ms
155 silly pacote tag manifest for @types/forever-agent@ts3.6 fetched in 2590ms
156 silly pacote tag manifest for @types/inherits@ts3.6 fetched in 180ms
157 http fetch GET 200 https://registry.npmjs.org/@types/getpass/-/getpass-0.1.1.tgz 1137ms
158 http fetch GET 200 https://registry.npmjs.org/@types%2fis-ci 117ms
159 silly pacote tag manifest for @types/getpass@ts3.6 fetched in 1508ms
160 http fetch GET 200 https://registry.npmjs.org/@types%2fis-glob 90ms
161 http fetch GET 200 https://registry.npmjs.org/@types%2fis-extglob 99ms
162 silly fetchPackageMetaData error for @types/is-extglob@ts3.6 No matching version found for @types/is-extglob@ts3.6.
163 http fetch GET 200 https://registry.npmjs.org/@types%2fis-number 91ms
164 http fetch GET 200 https://registry.npmjs.org/@types/fresh/-/fresh-0.5.0.tgz 1088ms
165 silly pacote tag manifest for @types/fresh@ts3.6 fetched in 2424ms
166 http fetch GET 200 https://registry.npmjs.org/@types%2fis-typedarray 93ms
167 http fetch GET 200 https://registry.npmjs.org/@types/imurmurhash/-/imurmurhash-0.1.1.tgz 349ms
168 silly pacote tag manifest for @types/imurmurhash@ts3.6 fetched in 432ms
169 http fetch GET 200 https://registry.npmjs.org/@types%2fisarray 75ms
170 http fetch GET 200 https://registry.npmjs.org/@types/is-number/-/is-number-7.0.1.tgz 361ms
171 silly pacote tag manifest for @types/is-number@ts3.6 fetched in 458ms
172 http fetch GET 200 https://registry.npmjs.org/@types/is-typedarray/-/is-typedarray-1.0.0.tgz 345ms
173 silly pacote tag manifest for @types/is-typedarray@ts3.6 fetched in 442ms
174 http fetch GET 200 https://registry.npmjs.org/@types%2fisstream 77ms
175 http fetch GET 200 https://registry.npmjs.org/@types/isarray/-/isarray-2.0.0.tgz 389ms
176 silly pacote tag manifest for @types/isarray@ts3.6 fetched in 469ms
177 http fetch GET 200 https://registry.npmjs.org/@types%2fjson-buffer 83ms
178 http fetch GET 200 https://registry.npmjs.org/@types/extsprintf/-/extsprintf-1.4.1.tgz 1189ms
179 silly pacote tag manifest for @types/extsprintf@ts3.6 fetched in 3445ms
180 http fetch GET 200 https://registry.npmjs.org/@types%2fjson-schema 92ms
181 http fetch GET 200 https://registry.npmjs.org/@types/json-schema/-/json-schema-7.0.9.tgz 83ms
182 silly pacote tag manifest for @types/json-schema@ts3.6 fetched in 182ms
183 http fetch GET 200 https://registry.npmjs.org/@types/is-ci/-/is-ci-3.0.0.tgz 1141ms
184 silly pacote tag manifest for @types/is-ci@ts3.6 fetched in 1266ms
185 http fetch GET 200 https://registry.npmjs.org/@types/is-glob/-/is-glob-4.0.2.tgz 1169ms
186 http fetch GET 200 https://registry.npmjs.org/@types/ini/-/ini-1.3.30.tgz 1261ms
187 silly pacote tag manifest for @types/is-glob@ts3.6 fetched in 1267ms
188 silly pacote tag manifest for @types/ini@ts3.6 fetched in 1361ms
189 http fetch GET 200 https://registry.npmjs.org/@types%2fmerge-descriptors 124ms
190 http fetch GET 200 https://registry.npmjs.org/@types%2fisexe 1374ms
191 http fetch GET 200 https://registry.npmjs.org/@types%2fignore-walk 2293ms
192 http fetch GET 200 https://registry.npmjs.org/@types%2fjsbn 1143ms
193 http fetch GET 200 https://registry.npmjs.org/@types/isstream/-/isstream-0.1.0.tgz 1244ms
194 silly pacote tag manifest for @types/isstream@ts3.6 fetched in 1333ms
195 http fetch GET 200 https://registry.npmjs.org/@types/json-buffer/-/json-buffer-3.0.0.tgz 1113ms
196 silly pacote tag manifest for @types/json-buffer@ts3.6 fetched in 1201ms
197 http fetch GET 200 https://registry.npmjs.org/@types%2fmethods 108ms
198 http fetch GET 304 https://registry.npmjs.org/@types%2fmime 110ms (from cache)
199 http fetch GET 200 https://registry.npmjs.org/@types/isexe/-/isexe-2.0.1.tgz 352ms
200 silly pacote tag manifest for @types/isexe@ts3.6 fetched in 1731ms
201 http fetch GET 200 https://registry.npmjs.org/@types/methods/-/methods-1.1.1.tgz 87ms
202 silly pacote tag manifest for @types/methods@ts3.6 fetched in 202ms
203 http fetch GET 200 https://registry.npmjs.org/@types/mime/-/mime-2.0.3.tgz 102ms
204 silly pacote tag manifest for @types/mime@ts3.6 fetched in 222ms
205 http fetch GET 200 https://registry.npmjs.org/@types%2fmime-types 82ms
206 http fetch GET 200 https://registry.npmjs.org/@types%2fminimist 94ms
207 http fetch GET 200 https://registry.npmjs.org/@types/minimist/-/minimist-1.2.2.tgz 86ms
208 silly pacote tag manifest for @types/minimist@ts3.6 fetched in 187ms
209 http fetch GET 200 https://registry.npmjs.org/@types%2finflight 2470ms
210 silly fetchPackageMetaData error for @types/inflight@ts3.6 No matching version found for @types/inflight@ts3.6.
211 http fetch GET 200 https://registry.npmjs.org/@types%2fminizlib 97ms
212 http fetch GET 200 https://registry.npmjs.org/@types%2fms 78ms
213 http fetch GET 200 https://registry.npmjs.org/@types/merge-descriptors/-/merge-descriptors-1.0.1.tgz 1174ms
214 silly pacote tag manifest for @types/merge-descriptors@ts3.6 fetched in 1305ms
215 http fetch GET 200 https://registry.npmjs.org/@types%2fmedia-typer 1406ms
216 http fetch GET 200 https://registry.npmjs.org/@types%2fneedle 100ms
217 http fetch GET 200 https://registry.npmjs.org/@types/minizlib/-/minizlib-2.1.2.tgz 336ms
218 silly pacote tag manifest for @types/minizlib@ts3.6 fetched in 437ms
219 http fetch GET 200 https://registry.npmjs.org/@types/jsbn/-/jsbn-1.2.29.tgz 1084ms
220 silly pacote tag manifest for @types/jsbn@ts3.6 fetched in 2233ms
221 http fetch GET 200 https://registry.npmjs.org/@types%2fnegotiator 91ms
222 http fetch GET 200 https://registry.npmjs.org/@types/ignore-walk/-/ignore-walk-3.0.2.tgz 1166ms
223 silly pacote tag manifest for @types/ignore-walk@ts3.6 fetched in 3465ms
224 http fetch GET 200 https://registry.npmjs.org/@types/negotiator/-/negotiator-0.6.1.tgz 89ms
225 silly pacote tag manifest for @types/negotiator@ts3.6 fetched in 188ms
226 http fetch GET 200 https://registry.npmjs.org/@types%2fnormalize-path 96ms
227 http fetch GET 200 https://registry.npmjs.org/@types/media-typer/-/media-typer-1.1.1.tgz 407ms
228 silly pacote tag manifest for @types/media-typer@ts3.6 fetched in 1820ms
229 http fetch GET 200 https://registry.npmjs.org/@types%2fnpmlog 99ms
230 http fetch GET 200 https://registry.npmjs.org/@types%2fjson-stringify-safe 2242ms
231 http fetch GET 200 https://registry.npmjs.org/@types%2fmime-db 1333ms
232 http fetch GET 200 https://registry.npmjs.org/@types/mime-types/-/mime-types-2.1.1.tgz 1251ms
233 silly pacote tag manifest for @types/mime-types@ts3.6 fetched in 1338ms
234 http fetch GET 200 https://registry.npmjs.org/@types%2fjsprim 2193ms
235 silly fetchPackageMetaData error for @types/jsprim@ts3.6 No matching version found for @types/jsprim@ts3.6.
236 http fetch GET 200 https://registry.npmjs.org/@types/mime-db/-/mime-db-1.43.1.tgz 71ms
237 silly pacote tag manifest for @types/mime-db@ts3.6 fetched in 1410ms
238 http fetch GET 200 https://registry.npmjs.org/@types%2fnumber-is-nan 87ms
239 http fetch GET 200 https://registry.npmjs.org/@types%2fon-finished 88ms
240 http fetch GET 200 https://registry.npmjs.org/@types%2fobject-assign 110ms
241 http fetch GET 200 https://registry.npmjs.org/@types/ms/-/ms-0.7.31.tgz 1135ms
242 http fetch GET 200 https://registry.npmjs.org/@types/json-stringify-safe/-/json-stringify-safe-5.0.0.tgz 390ms
243 silly pacote tag manifest for @types/json-stringify-safe@ts3.6 fetched in 2637ms
244 http fetch GET 200 https://registry.npmjs.org/@types%2fonce 84ms
245 silly pacote tag manifest for @types/ms@ts3.6 fetched in 1467ms
246 http fetch GET 200 https://registry.npmjs.org/@types/needle/-/needle-2.5.2.tgz 1176ms
247 http fetch GET 200 https://registry.npmjs.org/@types/on-finished/-/on-finished-2.3.1.tgz 388ms
248 silly pacote tag manifest for @types/on-finished@ts3.6 fetched in 482ms
249 silly pacote tag manifest for @types/needle@ts3.6 fetched in 1288ms
250 http fetch GET 200 https://registry.npmjs.org/@types/object-assign/-/object-assign-4.0.30.tgz 394ms
251 silly pacote tag manifest for @types/object-assign@ts3.6 fetched in 510ms
252 http fetch GET 200 https://registry.npmjs.org/@types%2fosenv 79ms
253 http fetch GET 200 https://registry.npmjs.org/@types%2fos-tmpdir 113ms
254 http fetch GET 200 https://registry.npmjs.org/@types%2fparseurl 112ms
255 http fetch GET 200 https://registry.npmjs.org/@types/normalize-path/-/normalize-path-3.0.0.tgz 1138ms
256 silly pacote tag manifest for @types/normalize-path@ts3.6 fetched in 1240ms
257 http fetch GET 200 https://registry.npmjs.org/@types%2fpath-is-absolute 91ms
258 http fetch GET 200 https://registry.npmjs.org/@types/parseurl/-/parseurl-1.3.1.tgz 175ms
259 silly pacote tag manifest for @types/parseurl@ts3.6 fetched in 294ms
260 http fetch GET 200 https://registry.npmjs.org/@types%2fnpm-packlist 1343ms
261 http fetch GET 200 https://registry.npmjs.org/@types%2fpicomatch 93ms
262 http fetch GET 200 https://registry.npmjs.org/@types/npmlog/-/npmlog-4.1.3.tgz 1142ms
263 silly pacote tag manifest for @types/npmlog@ts3.6 fetched in 1247ms
264 http fetch GET 200 https://registry.npmjs.org/@types/once/-/once-1.4.0.tgz 1178ms
265 http fetch GET 200 https://registry.npmjs.org/@types%2fnopt 2074ms
266 silly pacote tag manifest for @types/once@ts3.6 fetched in 1269ms
267 http fetch GET 200 https://registry.npmjs.org/@types/os-tmpdir/-/os-tmpdir-1.0.0.tgz 1112ms
268 silly pacote tag manifest for @types/os-tmpdir@ts3.6 fetched in 1229ms
269 http fetch GET 200 https://registry.npmjs.org/@types/osenv/-/osenv-0.1.0.tgz 1169ms
270 silly pacote tag manifest for @types/osenv@ts3.6 fetched in 1252ms
271 http fetch GET 200 https://registry.npmjs.org/@types%2fpunycode 114ms
272 http fetch GET 200 https://registry.npmjs.org/@types%2fos-homedir 1534ms
273 http fetch GET 200 https://registry.npmjs.org/@types/npm-packlist/-/npm-packlist-1.1.2.tgz 1096ms
274 silly pacote tag manifest for @types/npm-packlist@ts3.6 fetched in 2443ms
275 http fetch GET 200 https://registry.npmjs.org/@types/number-is-nan/-/number-is-nan-2.0.0.tgz 1894ms
276 silly pacote tag manifest for @types/number-is-nan@ts3.6 fetched in 1986ms
277 http fetch GET 200 https://registry.npmjs.org/@types/picomatch/-/picomatch-2.2.6.tgz 1099ms
278 http fetch GET 200 https://registry.npmjs.org/@types/path-is-absolute/-/path-is-absolute-1.0.0.tgz 1211ms
279 silly pacote tag manifest for @types/path-is-absolute@ts3.6 fetched in 1307ms
280 silly pacote tag manifest for @types/picomatch@ts3.6 fetched in 1200ms
281 http fetch GET 304 https://registry.npmjs.org/@types%2frange-parser 86ms (from cache)
282 http fetch GET 304 https://registry.npmjs.org/@types%2fqs 114ms (from cache)
283 http fetch GET 200 https://registry.npmjs.org/@types%2frc 86ms
284 http fetch GET 200 https://registry.npmjs.org/@types%2freadable-stream 97ms
285 http fetch GET 200 https://registry.npmjs.org/@types/qs/-/qs-6.9.7.tgz 122ms
286 http fetch GET 200 https://registry.npmjs.org/@types/range-parser/-/range-parser-1.2.4.tgz 124ms
287 silly pacote tag manifest for @types/qs@ts3.6 fetched in 242ms
288 silly pacote tag manifest for @types/range-parser@ts3.6 fetched in 216ms
289 http fetch GET 200 https://registry.npmjs.org/@types%2frequest 80ms
290 http fetch GET 200 https://registry.npmjs.org/@types/nopt/-/nopt-3.0.29.tgz 1200ms
291 silly pacote tag manifest for @types/nopt@ts3.6 fetched in 3285ms
292 http fetch GET 200 https://registry.npmjs.org/@types%2fresponselike 103ms
293 http fetch GET 200 https://registry.npmjs.org/@types/responselike/-/responselike-1.0.0.tgz 101ms
294 silly pacote tag manifest for @types/responselike@ts3.6 fetched in 210ms
295 http fetch GET 200 https://registry.npmjs.org/@types%2fsafer-buffer 84ms
296 http fetch GET 200 https://registry.npmjs.org/@types/punycode/-/punycode-2.1.0.tgz 1249ms
297 silly pacote tag manifest for @types/punycode@ts3.6 fetched in 1370ms
298 http fetch GET 200 https://registry.npmjs.org/@types%2fproxy-addr 2208ms
299 http fetch GET 200 https://registry.npmjs.org/@types%2fsax 97ms
300 http fetch GET 200 https://registry.npmjs.org/@types/rc/-/rc-1.2.0.tgz 1178ms
301 silly pacote tag manifest for @types/rc@ts3.6 fetched in 1272ms
302 http fetch GET 200 https://registry.npmjs.org/@types/readable-stream/-/readable-stream-2.3.11.tgz 1213ms
303 silly pacote tag manifest for @types/readable-stream@ts3.6 fetched in 1318ms
304 http fetch GET 200 https://registry.npmjs.org/@types%2fsemver 101ms
305 http fetch GET 304 https://registry.npmjs.org/@types%2fsend 106ms (from cache)
306 http fetch GET 200 https://registry.npmjs.org/@types/send/-/send-0.17.1.tgz 98ms
307 silly pacote tag manifest for @types/send@ts3.6 fetched in 207ms
308 http fetch GET 200 https://registry.npmjs.org/@types%2fpsl 2067ms
309 http fetch GET 304 https://registry.npmjs.org/@types%2fserve-static 113ms (from cache)
310 http fetch GET 200 https://registry.npmjs.org/@types/os-homedir/-/os-homedir-1.0.0.tgz 1761ms
311 silly pacote tag manifest for @types/os-homedir@ts3.6 fetched in 3300ms
312 http fetch GET 200 https://registry.npmjs.org/@types/serve-static/-/serve-static-1.13.10.tgz 103ms
313 silly pacote tag manifest for @types/serve-static@ts3.6 fetched in 221ms
314 http fetch GET 200 https://registry.npmjs.org/@types%2fpump 2101ms
315 http fetch GET 200 https://registry.npmjs.org/@types%2fsignal-exit 100ms
316 http fetch GET 200 https://registry.npmjs.org/@types/request/-/request-2.48.7.tgz 1763ms
317 silly pacote tag manifest for @types/request@ts3.6 fetched in 1847ms
318 http fetch GET 200 https://registry.npmjs.org/@types/safer-buffer/-/safer-buffer-2.1.0.tgz 1148ms
319 silly pacote tag manifest for @types/safer-buffer@ts3.6 fetched in 1237ms
320 http fetch GET 200 https://registry.npmjs.org/@types/signal-exit/-/signal-exit-3.0.1.tgz 346ms
321 silly pacote tag manifest for @types/signal-exit@ts3.6 fetched in 449ms
322 http fetch GET 200 https://registry.npmjs.org/@types%2fstatuses 77ms
323 http fetch GET 200 https://registry.npmjs.org/@types/proxy-addr/-/proxy-addr-2.0.0.tgz 1064ms
324 silly pacote tag manifest for @types/proxy-addr@ts3.6 fetched in 3278ms
325 http fetch GET 200 https://registry.npmjs.org/@types%2fregistry-auth-token 2088ms
326 http fetch GET 200 https://registry.npmjs.org/@types%2fsupports-color 106ms
327 http fetch GET 200 https://registry.npmjs.org/@types/sax/-/sax-1.2.3.tgz 1139ms
328 silly pacote tag manifest for @types/sax@ts3.6 fetched in 1242ms
329 http fetch GET 200 https://registry.npmjs.org/@types/supports-color/-/supports-color-8.1.1.tgz 90ms
330 silly pacote tag manifest for @types/supports-color@ts3.6 fetched in 200ms
331 http fetch GET 200 https://registry.npmjs.org/@types%2fto-regex-range 85ms
332 silly fetchPackageMetaData error for @types/to-regex-range@ts3.6 No matching version found for @types/to-regex-range@ts3.6.
333 http fetch GET 200 https://registry.npmjs.org/@types%2ftoidentifier 96ms
334 silly fetchPackageMetaData error for @types/toidentifier@ts3.6 No matching version found for @types/toidentifier@ts3.6.
335 http fetch GET 200 https://registry.npmjs.org/@types/semver/-/semver-7.3.8.tgz 1203ms
336 silly pacote tag manifest for @types/semver@ts3.6 fetched in 1310ms
337 http fetch GET 200 https://registry.npmjs.org/@types/statuses/-/statuses-2.0.0.tgz 395ms
338 silly pacote tag manifest for @types/statuses@ts3.6 fetched in 477ms
339 http fetch GET 200 https://registry.npmjs.org/@types/psl/-/psl-1.1.0.tgz 1077ms
340 silly pacote tag manifest for @types/psl@ts3.6 fetched in 3151ms
341 http fetch GET 200 https://registry.npmjs.org/@types%2ftype-is 122ms
342 http fetch GET 200 https://registry.npmjs.org/@types%2ftypedarray-to-buffer 98ms
343 silly fetchPackageMetaData error for @types/typedarray-to-buffer@ts3.6 No matching version found for @types/typedarray-to-buffer@ts3.6.
344 http fetch GET 200 https://registry.npmjs.org/@types/pump/-/pump-1.1.1.tgz 1065ms
345 silly pacote tag manifest for @types/pump@ts3.6 fetched in 3173ms
346 http fetch GET 200 https://registry.npmjs.org/@types%2futil-deprecate 114ms
347 http fetch GET 200 https://registry.npmjs.org/@types/registry-auth-token/-/registry-auth-token-4.2.1.tgz 1118ms
348 silly pacote tag manifest for @types/registry-auth-token@ts3.6 fetched in 3211ms
349 http fetch GET 200 https://registry.npmjs.org/@types%2fsshpk 1411ms
350 http fetch GET 200 https://registry.npmjs.org/@types%2futils-merge 79ms
351 http fetch GET 200 https://registry.npmjs.org/@types%2ftough-cookie 1133ms
352 http fetch GET 200 https://registry.npmjs.org/@types/tough-cookie/-/tough-cookie-4.0.1.tgz 77ms
353 silly pacote tag manifest for @types/tough-cookie@ts3.6 fetched in 1231ms
354 http fetch GET 200 https://registry.npmjs.org/@types%2fuuid 95ms
355 http fetch GET 200 https://registry.npmjs.org/@types%2fset-blocking 2185ms
356 silly fetchPackageMetaData error for @types/set-blocking@ts3.6 No matching version found for @types/set-blocking@ts3.6.
357 http fetch GET 200 https://registry.npmjs.org/@types%2ftouch 1428ms
358 http fetch GET 200 https://registry.npmjs.org/@types/type-is/-/type-is-1.6.3.tgz 1184ms
359 silly pacote tag manifest for @types/type-is@ts3.6 fetched in 1309ms
360 http fetch GET 200 https://registry.npmjs.org/@types%2fvary 80ms
361 http fetch GET 200 https://registry.npmjs.org/@types%2fupdate-notifier 1358ms
362 http fetch GET 200 https://registry.npmjs.org/@types/util-deprecate/-/util-deprecate-1.0.0.tgz 1090ms
363 silly pacote tag manifest for @types/util-deprecate@ts3.6 fetched in 1209ms
364 http fetch GET 200 https://registry.npmjs.org/@types%2fwhich 105ms
365 http fetch GET 200 https://registry.npmjs.org/@types/touch/-/touch-3.1.2.tgz 355ms
366 silly pacote tag manifest for @types/touch@ts3.6 fetched in 1787ms
367 http fetch GET 200 https://registry.npmjs.org/@types%2fwrite-file-atomic 98ms
368 http fetch GET 200 https://registry.npmjs.org/@types/vary/-/vary-1.1.0.tgz 545ms
369 silly pacote tag manifest for @types/vary@ts3.6 fetched in 627ms
370 http fetch GET 200 https://registry.npmjs.org/@types/which/-/which-2.0.1.tgz 324ms
371 silly pacote tag manifest for @types/which@ts3.6 fetched in 437ms
372 http fetch GET 200 https://registry.npmjs.org/@types%2fyallist 82ms
373 http fetch GET 200 https://registry.npmjs.org/@types/sshpk/-/sshpk-1.10.6.tgz 1123ms
374 silly pacote tag manifest for @types/sshpk@ts3.6 fetched in 2540ms
375 http fetch GET 200 https://registry.npmjs.org/@types/utils-merge/-/utils-merge-0.0.28.tgz 1122ms
376 silly pacote tag manifest for @types/utils-merge@ts3.6 fetched in 1208ms
377 http fetch GET 200 https://registry.npmjs.org/@types%2furl-parse-lax 2220ms
378 silly fetchPackageMetaData error for @types/url-parse-lax@ts3.6 No matching version found for @types/url-parse-lax@ts3.6.
379 http fetch GET 200 https://registry.npmjs.org/@types/uuid/-/uuid-8.3.1.tgz 1137ms
380 silly pacote tag manifest for @types/uuid@ts3.6 fetched in 1236ms
381 http fetch GET 200 https://registry.npmjs.org/@types/update-notifier/-/update-notifier-5.1.0.tgz 1064ms
382 silly pacote tag manifest for @types/update-notifier@ts3.6 fetched in 2429ms
383 http fetch GET 200 https://registry.npmjs.org/@types%2ftar 2940ms
384 http fetch GET 200 https://registry.npmjs.org/@types/write-file-atomic/-/write-file-atomic-3.0.2.tgz 1141ms
385 silly pacote tag manifest for @types/write-file-atomic@ts3.6 fetched in 1245ms
386 http fetch GET 200 https://registry.npmjs.org/@types/yallist/-/yallist-4.0.1.tgz 1090ms
387 silly pacote tag manifest for @types/yallist@ts3.6 fetched in 1178ms
388 http fetch GET 200 https://registry.npmjs.org/@types%2fverror 2217ms
389 http fetch GET 200 https://registry.npmjs.org/@types/tar/-/tar-4.0.5.tgz 1198ms
390 silly pacote tag manifest for @types/tar@ts3.6 fetched in 4154ms
391 http fetch GET 200 https://registry.npmjs.org/@types/verror/-/verror-1.10.5.tgz 1249ms
392 silly pacote tag manifest for @types/verror@ts3.6 fetched in 3470ms
393 timing stage:rollbackFailedOptional Completed in 0ms
394 timing stage:runTopLevelLifecycles Completed in 20052ms
395 verbose type tag
396 verbose stack @types/ansi-align: No matching version found for @types/ansi-align@ts3.6.
396 verbose stack     at pickManifest (/usr/local/lib/node_modules/npm/node_modules/npm-pick-manifest/index.js:122:13)
396 verbose stack     at /usr/local/lib/node_modules/npm/node_modules/pacote/lib/fetchers/registry/manifest.js:24:14
396 verbose stack     at tryCatcher (/usr/local/lib/node_modules/npm/node_modules/bluebird/js/release/util.js:16:23)
396 verbose stack     at Promise._settlePromiseFromHandler (/usr/local/lib/node_modules/npm/node_modules/bluebird/js/release/promise.js:517:31)
396 verbose stack     at Promise._settlePromise (/usr/local/lib/node_modules/npm/node_modules/bluebird/js/release/promise.js:574:18)
396 verbose stack     at Promise._settlePromise0 (/usr/local/lib/node_modules/npm/node_modules/bluebird/js/release/promise.js:619:10)
396 verbose stack     at Promise._settlePromises (/usr/local/lib/node_modules/npm/node_modules/bluebird/js/release/promise.js:699:18)
396 verbose stack     at _drainQueueStep (/usr/local/lib/node_modules/npm/node_modules/bluebird/js/release/async.js:138:12)
396 verbose stack     at _drainQueue (/usr/local/lib/node_modules/npm/node_modules/bluebird/js/release/async.js:131:9)
396 verbose stack     at Async._drainQueues (/usr/local/lib/node_modules/npm/node_modules/bluebird/js/release/async.js:147:5)
396 verbose stack     at Immediate.Async.drainQueues [as _onImmediate] (/usr/local/lib/node_modules/npm/node_modules/bluebird/js/release/async.js:17:14)
396 verbose stack     at processImmediate (internal/timers.js:456:21)
397 verbose cwd /home/theia/.cache/typescript/3.6
398 verbose Linux 5.15.133.1-microsoft-standard-WSL2
399 verbose argv "/usr/local/bin/node" "/usr/local/bin/npm" "install" "--ignore-scripts" "@types/abbrev@ts3.6" "@types/accepts@ts3.6" "@types/ansi-align@ts3.6" "@types/are-we-there-yet@ts3.6" "@types/asn1@ts3.6" "@types/assert-plus@ts3.6" "@types/aws4@ts3.6" "@types/balanced-match@ts3.6" "@types/body-parser@ts3.6" "@types/brace-expansion@ts3.6" "@types/braces@ts3.6" "@types/bytes@ts3.6" "@types/caseless@ts3.6" "@types/chownr@ts3.6" "@types/color-convert@ts3.6" "@types/color-name@ts3.6" "@types/combined-stream@ts3.6" "@types/concat-map@ts3.6" "@types/configstore@ts3.6" "@types/content-disposition@ts3.6" "@types/content-type@ts3.6" "@types/cookie@ts3.6" "@types/cookie-signature@ts3.6" "@types/core-util-is@ts3.6" "@types/dashdash@ts3.6" "@types/debug@ts3.6" "@types/deep-extend@ts3.6" "@types/delegates@ts3.6" "@types/depd@ts3.6" "@types/destroy@ts3.6" "@types/detect-libc@ts3.6" "@types/duplexer3@ts3.6" "@types/ee-first@ts3.6" "@types/encodeurl@ts3.6" "@types/end-of-stream@ts3.6" "@types/escape-html@ts3.6" "@types/etag@ts3.6" "@types/extend@ts3.6" "@types/extsprintf@ts3.6" "@types/fill-range@ts3.6" "@types/finalhandler@ts3.6" "@types/forever-agent@ts3.6" "@types/forwarded@ts3.6" "@types/fresh@ts3.6" "@types/fs-minipass@ts3.6" "@types/gauge@ts3.6" "@types/getpass@ts3.6" "@types/glob-parent@ts3.6" "@types/graceful-fs@ts3.6" "@types/http-cache-semantics@ts3.6" "@types/http-errors@ts3.6" "@types/http-signature@ts3.6" "@types/ignore-by-default@ts3.6" "@types/ignore-walk@ts3.6" "@types/imurmurhash@ts3.6" "@types/inflight@ts3.6" "@types/inherits@ts3.6" "@types/ini@ts3.6" "@types/is-ci@ts3.6" "@types/is-extglob@ts3.6" "@types/is-glob@ts3.6" "@types/is-number@ts3.6" "@types/is-typedarray@ts3.6" "@types/isarray@ts3.6" "@types/isexe@ts3.6" "@types/isstream@ts3.6" "@types/jsbn@ts3.6" "@types/json-buffer@ts3.6" "@types/json-schema@ts3.6" "@types/json-stringify-safe@ts3.6" "@types/jsprim@ts3.6" "@types/media-typer@ts3.6" "@types/merge-descriptors@ts3.6" "@types/methods@ts3.6" "@types/mime@ts3.6" "@types/mime-db@ts3.6" "@types/mime-types@ts3.6" "@types/minimist@ts3.6" "@types/minizlib@ts3.6" "@types/ms@ts3.6" "@types/needle@ts3.6" "@types/negotiator@ts3.6" "@types/nopt@ts3.6" "@types/normalize-path@ts3.6" "@types/npm-packlist@ts3.6" "@types/npmlog@ts3.6" "@types/number-is-nan@ts3.6" "@types/object-assign@ts3.6" "@types/on-finished@ts3.6" "@types/once@ts3.6" "@types/os-homedir@ts3.6" "@types/os-tmpdir@ts3.6" "@types/osenv@ts3.6" "@types/parseurl@ts3.6" "@types/path-is-absolute@ts3.6" "@types/picomatch@ts3.6" "@types/proxy-addr@ts3.6" "@types/psl@ts3.6" "@types/pump@ts3.6" "@types/punycode@ts3.6" "@types/qs@ts3.6" "@types/range-parser@ts3.6" "@types/rc@ts3.6" "@types/readable-stream@ts3.6" "@types/registry-auth-token@ts3.6" "@types/request@ts3.6" "@types/responselike@ts3.6" "@types/safer-buffer@ts3.6" "@types/sax@ts3.6" "@types/semver@ts3.6" "@types/send@ts3.6" "@types/serve-static@ts3.6" "@types/set-blocking@ts3.6" "@types/signal-exit@ts3.6" "@types/sshpk@ts3.6" "@types/statuses@ts3.6" "@types/supports-color@ts3.6" "@types/tar@ts3.6" "@types/to-regex-range@ts3.6" "@types/toidentifier@ts3.6" "@types/touch@ts3.6" "@types/tough-cookie@ts3.6" "@types/type-is@ts3.6" "@types/typedarray-to-buffer@ts3.6" "@types/update-notifier@ts3.6" "@types/url-parse-lax@ts3.6" "@types/util-deprecate@ts3.6" "@types/utils-merge@ts3.6" "@types/uuid@ts3.6" "@types/vary@ts3.6" "@types/verror@ts3.6" "@types/which@ts3.6" "@types/write-file-atomic@ts3.6" "@types/yallist@ts3.6" "--save-dev" "--user-agent=typesInstaller/3.6.3"
400 verbose node v12.18.3
401 verbose npm  v6.14.6
402 error code ETARGET
403 error notarget No matching version found for @types/ansi-align@ts3.6.
404 error notarget In most cases you or one of your dependencies are requesting
404 error notarget a package version that doesn't exist.
405 verbose exit [ 1, true ]
