0 info it worked if it ends with ok
1 verbose cli [
1 verbose cli   '/usr/local/bin/node',
1 verbose cli   '/usr/local/bin/npm',
1 verbose cli   'install',
1 verbose cli   '--ignore-scripts',
1 verbose cli   '@types/abbrev@ts3.6',
1 verbose cli   '@types/accepts@ts3.6',
1 verbose cli   '@types/ansi-align@ts3.6',
1 verbose cli   '@types/are-we-there-yet@ts3.6',
1 verbose cli   '@types/asn1@ts3.6',
1 verbose cli   '@types/assert-plus@ts3.6',
1 verbose cli   '@types/aws4@ts3.6',
1 verbose cli   '@types/balanced-match@ts3.6',
1 verbose cli   '@types/body-parser@ts3.6',
1 verbose cli   '@types/brace-expansion@ts3.6',
1 verbose cli   '@types/braces@ts3.6',
1 verbose cli   '@types/bytes@ts3.6',
1 verbose cli   '@types/caseless@ts3.6',
1 verbose cli   '@types/chownr@ts3.6',
1 verbose cli   '@types/color-convert@ts3.6',
1 verbose cli   '@types/color-name@ts3.6',
1 verbose cli   '@types/color-support@ts3.6',
1 verbose cli   '@types/combined-stream@ts3.6',
1 verbose cli   '@types/concat-map@ts3.6',
1 verbose cli   '@types/configstore@ts3.6',
1 verbose cli   '@types/content-disposition@ts3.6',
1 verbose cli   '@types/content-type@ts3.6',
1 verbose cli   '@types/cookie@ts3.6',
1 verbose cli   '@types/cookie-signature@ts3.6',
1 verbose cli   '@types/core-util-is@ts3.6',
1 verbose cli   '@types/dashdash@ts3.6',
1 verbose cli   '@types/debug@ts3.6',
1 verbose cli   '@types/deep-extend@ts3.6',
1 verbose cli   '@types/delegates@ts3.6',
1 verbose cli   '@types/depd@ts3.6',
1 verbose cli   '@types/destroy@ts3.6',
1 verbose cli   '@types/detect-libc@ts3.6',
1 verbose cli   '@types/duplexer3@ts3.6',
1 verbose cli   '@types/ee-first@ts3.6',
1 verbose cli   '@types/encodeurl@ts3.6',
1 verbose cli   '@types/end-of-stream@ts3.6',
1 verbose cli   '@types/escape-html@ts3.6',
1 verbose cli   '@types/etag@ts3.6',
1 verbose cli   '@types/extend@ts3.6',
1 verbose cli   '@types/extsprintf@ts3.6',
1 verbose cli   '@types/fill-range@ts3.6',
1 verbose cli   '@types/finalhandler@ts3.6',
1 verbose cli   '@types/forever-agent@ts3.6',
1 verbose cli   '@types/forwarded@ts3.6',
1 verbose cli   '@types/fresh@ts3.6',
1 verbose cli   '@types/fs-minipass@ts3.6',
1 verbose cli   '@types/gauge@ts3.6',
1 verbose cli   '@types/getpass@ts3.6',
1 verbose cli   '@types/glob-parent@ts3.6',
1 verbose cli   '@types/graceful-fs@ts3.6',
1 verbose cli   '@types/http-cache-semantics@ts3.6',
1 verbose cli   '@types/http-errors@ts3.6',
1 verbose cli   '@types/http-signature@ts3.6',
1 verbose cli   '@types/ignore-by-default@ts3.6',
1 verbose cli   '@types/ignore-walk@ts3.6',
1 verbose cli   '@types/imurmurhash@ts3.6',
1 verbose cli   '@types/inflight@ts3.6',
1 verbose cli   '@types/inherits@ts3.6',
1 verbose cli   '@types/ini@ts3.6',
1 verbose cli   '@types/is-ci@ts3.6',
1 verbose cli   '@types/is-extglob@ts3.6',
1 verbose cli   '@types/is-glob@ts3.6',
1 verbose cli   '@types/is-number@ts3.6',
1 verbose cli   '@types/is-typedarray@ts3.6',
1 verbose cli   '@types/isarray@ts3.6',
1 verbose cli   '@types/isexe@ts3.6',
1 verbose cli   '@types/isstream@ts3.6',
1 verbose cli   '@types/jsbn@ts3.6',
1 verbose cli   '@types/json-buffer@ts3.6',
1 verbose cli   '@types/json-schema@ts3.6',
1 verbose cli   '@types/json-stringify-safe@ts3.6',
1 verbose cli   '@types/jsprim@ts3.6',
1 verbose cli   '@types/jwa@ts3.6',
1 verbose cli   '@types/jws@ts3.6',
1 verbose cli   '@types/lodash.includes@ts3.6',
1 verbose cli   '@types/lodash.isboolean@ts3.6',
1 verbose cli   '@types/lodash.isinteger@ts3.6',
1 verbose cli   '@types/lodash.isnumber@ts3.6',
1 verbose cli   '@types/lodash.isplainobject@ts3.6',
1 verbose cli   '@types/lodash.isstring@ts3.6',
1 verbose cli   '@types/lodash.once@ts3.6',
1 verbose cli   '@types/media-typer@ts3.6',
1 verbose cli   '@types/merge-descriptors@ts3.6',
1 verbose cli   '@types/methods@ts3.6',
1 verbose cli   '@types/mime@ts3.6',
1 verbose cli   '@types/mime-db@ts3.6',
1 verbose cli   '@types/mime-types@ts3.6',
1 verbose cli   '@types/minimist@ts3.6',
1 verbose cli   '@types/minizlib@ts3.6',
1 verbose cli   '@types/ms@ts3.6',
1 verbose cli   '@types/needle@ts3.6',
1 verbose cli   '@types/negotiator@ts3.6',
1 verbose cli   '@types/node-fetch@ts3.6',
1 verbose cli   '@types/nopt@ts3.6',
1 verbose cli   '@types/normalize-path@ts3.6',
1 verbose cli   '@types/npm-packlist@ts3.6',
1 verbose cli   ... 54 more items
1 verbose cli ]
2 info using npm@6.14.6
3 info using node@v12.18.3
4 verbose npm-session 2dc8eb9eb5ac87fa
5 silly install loadCurrentTree
6 silly install readLocalPackageData
7 http fetch GET 304 https://registry.npmjs.org/@types%2fbody-parser 543ms (from cache)
8 silly pacote tag manifest for @types/body-parser@ts3.6 fetched in 551ms
9 http fetch GET 304 https://registry.npmjs.org/@types%2fasn1 712ms (from cache)
10 silly pacote tag manifest for @types/asn1@ts3.6 fetched in 717ms
11 http fetch GET 304 https://registry.npmjs.org/@types%2fassert-plus 732ms (from cache)
12 silly pacote tag manifest for @types/assert-plus@ts3.6 fetched in 742ms
13 http fetch GET 304 https://registry.npmjs.org/@types%2fcaseless 436ms (from cache)
14 silly pacote tag manifest for @types/caseless@ts3.6 fetched in 449ms
15 http fetch GET 304 https://registry.npmjs.org/@types%2fbytes 494ms (from cache)
16 silly pacote tag manifest for @types/bytes@ts3.6 fetched in 504ms
17 http fetch GET 304 https://registry.npmjs.org/@types%2faccepts 1870ms (from cache)
18 silly pacote tag manifest for @types/accepts@ts3.6 fetched in 1873ms
19 http fetch GET 304 https://registry.npmjs.org/@types%2faws4 1908ms (from cache)
20 silly pacote tag manifest for @types/aws4@ts3.6 fetched in 1911ms
21 http fetch GET 304 https://registry.npmjs.org/@types%2fbraces 1486ms (from cache)
22 silly pacote tag manifest for @types/braces@ts3.6 fetched in 1488ms
23 http fetch GET 304 https://registry.npmjs.org/@types%2fansi-align 2282ms (from cache)
24 silly registry:manifest no matching version for @types/ansi-align@ts3.6 in the cache. Forcing revalidation.
25 http fetch GET 304 https://registry.npmjs.org/@types%2fbalanced-match 2304ms (from cache)
26 silly pacote tag manifest for @types/balanced-match@ts3.6 fetched in 2308ms
27 http fetch GET 304 https://registry.npmjs.org/@types%2fcolor-support 656ms (from cache)
28 silly pacote tag manifest for @types/color-support@ts3.6 fetched in 658ms
29 http fetch GET 304 https://registry.npmjs.org/@types%2fare-we-there-yet 2792ms (from cache)
30 silly pacote tag manifest for @types/are-we-there-yet@ts3.6 fetched in 2795ms
31 http fetch GET 304 https://registry.npmjs.org/@types%2fbrace-expansion 2784ms (from cache)
32 silly pacote tag manifest for @types/brace-expansion@ts3.6 fetched in 2786ms
33 http fetch GET 304 https://registry.npmjs.org/@types%2fabbrev 2854ms (from cache)
34 silly pacote tag manifest for @types/abbrev@ts3.6 fetched in 2873ms
35 http fetch GET 304 https://registry.npmjs.org/@types%2fcookie 133ms (from cache)
36 silly pacote tag manifest for @types/cookie@ts3.6 fetched in 135ms
37 http fetch GET 304 https://registry.npmjs.org/@types%2fchownr 1899ms (from cache)
38 silly pacote tag manifest for @types/chownr@ts3.6 fetched in 1904ms
39 http fetch GET 200 https://registry.npmjs.org/@types%2fcore-util-is 77ms
40 silly fetchPackageMetaData error for @types/core-util-is@ts3.6 No matching version found for @types/core-util-is@ts3.6.
41 http fetch GET 304 https://registry.npmjs.org/@types%2fcolor-convert 2049ms (from cache)
42 silly pacote tag manifest for @types/color-convert@ts3.6 fetched in 2050ms
43 http fetch GET 304 https://registry.npmjs.org/@types%2fdebug 55ms (from cache)
44 silly pacote tag manifest for @types/debug@ts3.6 fetched in 58ms
45 http fetch GET 304 https://registry.npmjs.org/@types%2fcontent-type 711ms (from cache)
46 silly pacote tag manifest for @types/content-type@ts3.6 fetched in 714ms
47 http fetch GET 304 https://registry.npmjs.org/@types%2fdashdash 438ms (from cache)
48 silly pacote tag manifest for @types/dashdash@ts3.6 fetched in 440ms
49 http fetch GET 200 https://registry.npmjs.org/@types%2fansi-align 1395ms
50 silly fetchPackageMetaData error for @types/ansi-align@ts3.6 No matching version found for @types/ansi-align@ts3.6.
51 http fetch GET 304 https://registry.npmjs.org/@types%2fdepd 84ms (from cache)
52 silly pacote tag manifest for @types/depd@ts3.6 fetched in 86ms
53 http fetch GET 304 https://registry.npmjs.org/@types%2fdeep-extend 397ms (from cache)
54 silly pacote tag manifest for @types/deep-extend@ts3.6 fetched in 399ms
55 http fetch GET 304 https://registry.npmjs.org/@types%2fconfigstore 1532ms (from cache)
56 silly pacote tag manifest for @types/configstore@ts3.6 fetched in 1535ms
57 http fetch GET 304 https://registry.npmjs.org/@types%2fcolor-name 2294ms (from cache)
58 silly pacote tag manifest for @types/color-name@ts3.6 fetched in 2298ms
59 http fetch GET 304 https://registry.npmjs.org/@types%2fencodeurl 111ms (from cache)
60 silly pacote tag manifest for @types/encodeurl@ts3.6 fetched in 114ms
61 http fetch GET 304 https://registry.npmjs.org/@types%2fconcat-map 2089ms (from cache)
62 silly pacote tag manifest for @types/concat-map@ts3.6 fetched in 2091ms
63 http fetch GET 304 https://registry.npmjs.org/@types%2fcombined-stream 2396ms (from cache)
64 silly pacote tag manifest for @types/combined-stream@ts3.6 fetched in 2407ms
65 http fetch GET 304 https://registry.npmjs.org/@types%2fescape-html 79ms (from cache)
66 silly pacote tag manifest for @types/escape-html@ts3.6 fetched in 84ms
67 http fetch GET 304 https://registry.npmjs.org/@types%2fetag 85ms (from cache)
68 silly pacote tag manifest for @types/etag@ts3.6 fetched in 88ms
69 http fetch GET 304 https://registry.npmjs.org/@types%2fcookie-signature 1614ms (from cache)
70 silly pacote tag manifest for @types/cookie-signature@ts3.6 fetched in 1618ms
71 http fetch GET 304 https://registry.npmjs.org/@types%2fextend 401ms (from cache)
72 silly pacote tag manifest for @types/extend@ts3.6 fetched in 405ms
73 http fetch GET 304 https://registry.npmjs.org/@types%2fend-of-stream 698ms (from cache)
74 silly pacote tag manifest for @types/end-of-stream@ts3.6 fetched in 700ms
75 http fetch GET 200 https://registry.npmjs.org/@types%2fdelegates 1557ms
76 silly fetchPackageMetaData error for @types/delegates@ts3.6 No matching version found for @types/delegates@ts3.6.
77 http fetch GET 304 https://registry.npmjs.org/@types%2fextsprintf 655ms (from cache)
78 silly pacote tag manifest for @types/extsprintf@ts3.6 fetched in 663ms
79 http fetch GET 304 https://registry.npmjs.org/@types%2fcontent-disposition 2448ms (from cache)
80 http fetch GET 304 https://registry.npmjs.org/@types%2fforwarded 164ms (from cache)
81 silly pacote tag manifest for @types/content-disposition@ts3.6 fetched in 2455ms
82 silly pacote tag manifest for @types/forwarded@ts3.6 fetched in 170ms
83 http fetch GET 200 https://registry.npmjs.org/@types%2ffill-range 728ms
84 silly fetchPackageMetaData error for @types/fill-range@ts3.6 No matching version found for @types/fill-range@ts3.6.
85 http fetch GET 304 https://registry.npmjs.org/@types%2fee-first 1512ms (from cache)
86 silly pacote tag manifest for @types/ee-first@ts3.6 fetched in 1513ms
87 http fetch GET 304 https://registry.npmjs.org/@types%2fdestroy 1981ms (from cache)
88 silly pacote tag manifest for @types/destroy@ts3.6 fetched in 1984ms
89 http fetch GET 304 https://registry.npmjs.org/@types%2fdetect-libc 1965ms (from cache)
90 silly pacote tag manifest for @types/detect-libc@ts3.6 fetched in 1973ms
91 http fetch GET 304 https://registry.npmjs.org/@types%2fduplexer3 1968ms (from cache)
92 silly pacote tag manifest for @types/duplexer3@ts3.6 fetched in 1971ms
93 http fetch GET 304 https://registry.npmjs.org/@types%2fhttp-cache-semantics 80ms (from cache)
94 http fetch GET 304 https://registry.npmjs.org/@types%2fgraceful-fs 111ms (from cache)
95 silly pacote tag manifest for @types/http-cache-semantics@ts3.6 fetched in 95ms
96 silly pacote tag manifest for @types/graceful-fs@ts3.6 fetched in 126ms
97 http fetch GET 200 https://registry.npmjs.org/@types%2ffs-minipass 697ms
98 silly fetchPackageMetaData error for @types/fs-minipass@ts3.6 No matching version found for @types/fs-minipass@ts3.6.
99 http fetch GET 200 https://registry.npmjs.org/@types%2fgauge 727ms
100 silly fetchPackageMetaData error for @types/gauge@ts3.6 No matching version found for @types/gauge@ts3.6.
101 http fetch GET 304 https://registry.npmjs.org/@types%2fgetpass 711ms (from cache)
102 silly pacote tag manifest for @types/getpass@ts3.6 fetched in 718ms
103 http fetch GET 200 https://registry.npmjs.org/@types%2fhttp-signature 397ms
104 silly fetchPackageMetaData error for @types/http-signature@ts3.6 No matching version found for @types/http-signature@ts3.6.
105 http fetch GET 200 https://registry.npmjs.org/@types%2finflight 418ms
106 silly fetchPackageMetaData error for @types/inflight@ts3.6 No matching version found for @types/inflight@ts3.6.
107 http fetch GET 304 https://registry.npmjs.org/@types%2finherits 389ms (from cache)
108 silly pacote tag manifest for @types/inherits@ts3.6 fetched in 396ms
109 http fetch GET 304 https://registry.npmjs.org/@types%2fforever-agent 1613ms (from cache)
110 silly pacote tag manifest for @types/forever-agent@ts3.6 fetched in 1617ms
111 http fetch GET 304 https://registry.npmjs.org/@types%2fini 134ms (from cache)
112 silly pacote tag manifest for @types/ini@ts3.6 fetched in 139ms
113 http fetch GET 304 https://registry.npmjs.org/@types%2ffresh 1499ms (from cache)
114 silly pacote tag manifest for @types/fresh@ts3.6 fetched in 1501ms
115 http fetch GET 304 https://registry.npmjs.org/@types%2ffinalhandler 1945ms (from cache)
116 silly pacote tag manifest for @types/finalhandler@ts3.6 fetched in 1947ms
117 http fetch GET 304 https://registry.npmjs.org/@types%2fglob-parent 1520ms (from cache)
118 silly pacote tag manifest for @types/glob-parent@ts3.6 fetched in 1521ms
119 http fetch GET 304 https://registry.npmjs.org/@types%2fis-typedarray 388ms (from cache)
120 silly pacote tag manifest for @types/is-typedarray@ts3.6 fetched in 389ms
121 http fetch GET 200 https://registry.npmjs.org/@types%2fis-extglob 673ms
122 silly fetchPackageMetaData error for @types/is-extglob@ts3.6 No matching version found for @types/is-extglob@ts3.6.
123 http fetch GET 304 https://registry.npmjs.org/@types%2fis-glob 699ms (from cache)
124 silly pacote tag manifest for @types/is-glob@ts3.6 fetched in 702ms
125 http fetch GET 304 https://registry.npmjs.org/@types%2fimurmurhash 1530ms (from cache)
126 silly pacote tag manifest for @types/imurmurhash@ts3.6 fetched in 1531ms
127 http fetch GET 304 https://registry.npmjs.org/@types%2fhttp-errors 1903ms (from cache)
128 silly pacote tag manifest for @types/http-errors@ts3.6 fetched in 1906ms
129 http fetch GET 304 https://registry.npmjs.org/@types%2fjson-schema 65ms (from cache)
130 silly pacote tag manifest for @types/json-schema@ts3.6 fetched in 66ms
131 http fetch GET 304 https://registry.npmjs.org/@types%2fjson-stringify-safe 62ms (from cache)
132 silly pacote tag manifest for @types/json-stringify-safe@ts3.6 fetched in 64ms
133 http fetch GET 200 https://registry.npmjs.org/@types%2fignore-by-default 1954ms
134 silly fetchPackageMetaData error for @types/ignore-by-default@ts3.6 No matching version found for @types/ignore-by-default@ts3.6.
135 http fetch GET 200 https://registry.npmjs.org/@types%2fjsprim 369ms
136 silly fetchPackageMetaData error for @types/jsprim@ts3.6 No matching version found for @types/jsprim@ts3.6.
137 http fetch GET 304 https://registry.npmjs.org/@types%2fignore-walk 2450ms (from cache)
138 silly pacote tag manifest for @types/ignore-walk@ts3.6 fetched in 2460ms
139 http fetch GET 304 https://registry.npmjs.org/@types%2fis-ci 2047ms (from cache)
140 silly pacote tag manifest for @types/is-ci@ts3.6 fetched in 2055ms
141 http fetch GET 304 https://registry.npmjs.org/@types%2fisstream 1557ms (from cache)
142 silly pacote tag manifest for @types/isstream@ts3.6 fetched in 1560ms
143 http fetch GET 304 https://registry.npmjs.org/@types%2fjsbn 1592ms (from cache)
144 silly pacote tag manifest for @types/jsbn@ts3.6 fetched in 1610ms
145 http fetch GET 304 https://registry.npmjs.org/@types%2fis-number 2353ms (from cache)
146 http fetch GET 304 https://registry.npmjs.org/@types%2fjson-buffer 1555ms (from cache)
147 silly pacote tag manifest for @types/is-number@ts3.6 fetched in 2361ms
148 silly pacote tag manifest for @types/json-buffer@ts3.6 fetched in 1570ms
149 http fetch GET 304 https://registry.npmjs.org/@types%2fisexe 2057ms (from cache)
150 silly pacote tag manifest for @types/isexe@ts3.6 fetched in 2064ms
151 http fetch GET 304 https://registry.npmjs.org/@types%2fisarray 2326ms (from cache)
152 silly pacote tag manifest for @types/isarray@ts3.6 fetched in 2335ms
153 http fetch GET 304 https://registry.npmjs.org/@types%2flodash.isinteger 709ms (from cache)
154 silly pacote tag manifest for @types/lodash.isinteger@ts3.6 fetched in 747ms
155 http fetch GET 304 https://registry.npmjs.org/@types%2flodash.isnumber 728ms (from cache)
156 silly pacote tag manifest for @types/lodash.isnumber@ts3.6 fetched in 739ms
157 http fetch GET 304 https://registry.npmjs.org/@types%2fjwa 2024ms (from cache)
158 silly pacote tag manifest for @types/jwa@ts3.6 fetched in 2035ms
159 http fetch GET 304 https://registry.npmjs.org/@types%2flodash.isplainobject 713ms (from cache)
160 silly pacote tag manifest for @types/lodash.isplainobject@ts3.6 fetched in 726ms
161 http fetch GET 304 https://registry.npmjs.org/@types%2fmethods 192ms (from cache)
162 silly pacote tag manifest for @types/methods@ts3.6 fetched in 196ms
163 http fetch GET 304 https://registry.npmjs.org/@types%2fmime-types 135ms (from cache)
164 silly pacote tag manifest for @types/mime-types@ts3.6 fetched in 142ms
165 http fetch GET 304 https://registry.npmjs.org/@types%2fjws 2005ms (from cache)
166 silly pacote tag manifest for @types/jws@ts3.6 fetched in 2009ms
167 http fetch GET 304 https://registry.npmjs.org/@types%2fmedia-typer 697ms (from cache)
168 silly pacote tag manifest for @types/media-typer@ts3.6 fetched in 707ms
169 http fetch GET 304 https://registry.npmjs.org/@types%2fmerge-descriptors 691ms (from cache)
170 silly pacote tag manifest for @types/merge-descriptors@ts3.6 fetched in 694ms
171 http fetch GET 304 https://registry.npmjs.org/@types%2fminimist 684ms (from cache)
172 silly pacote tag manifest for @types/minimist@ts3.6 fetched in 688ms
173 http fetch GET 304 https://registry.npmjs.org/@types%2flodash.isstring 1634ms (from cache)
174 silly pacote tag manifest for @types/lodash.isstring@ts3.6 fetched in 1637ms
175 http fetch GET 304 https://registry.npmjs.org/@types%2flodash.isboolean 2128ms (from cache)
176 silly pacote tag manifest for @types/lodash.isboolean@ts3.6 fetched in 2135ms
177 http fetch GET 304 https://registry.npmjs.org/@types%2flodash.includes 2440ms (from cache)
178 silly pacote tag manifest for @types/lodash.includes@ts3.6 fetched in 2446ms
179 http fetch GET 304 https://registry.npmjs.org/@types%2fmime-db 1501ms (from cache)
180 silly pacote tag manifest for @types/mime-db@ts3.6 fetched in 1506ms
181 http fetch GET 304 https://registry.npmjs.org/@types%2fneedle 1071ms (from cache)
182 silly pacote tag manifest for @types/needle@ts3.6 fetched in 1079ms
183 http fetch GET 304 https://registry.npmjs.org/@types%2flodash.once 2057ms (from cache)
184 silly pacote tag manifest for @types/lodash.once@ts3.6 fetched in 2062ms
185 http fetch GET 304 https://registry.npmjs.org/@types%2fnode-fetch 712ms (from cache)
186 silly pacote tag manifest for @types/node-fetch@ts3.6 fetched in 720ms
187 http fetch GET 304 https://registry.npmjs.org/@types%2fms 1559ms (from cache)
188 silly pacote tag manifest for @types/ms@ts3.6 fetched in 1562ms
189 http fetch GET 304 https://registry.npmjs.org/@types%2fmime 2060ms (from cache)
190 silly pacote tag manifest for @types/mime@ts3.6 fetched in 2064ms
191 http fetch GET 304 https://registry.npmjs.org/@types%2fminizlib 2001ms (from cache)
192 silly pacote tag manifest for @types/minizlib@ts3.6 fetched in 2005ms
193 http fetch GET 304 https://registry.npmjs.org/@types%2fobject-assign 701ms (from cache)
194 silly pacote tag manifest for @types/object-assign@ts3.6 fetched in 711ms
195 http fetch GET 304 https://registry.npmjs.org/@types%2fnegotiator 1578ms (from cache)
196 silly pacote tag manifest for @types/negotiator@ts3.6 fetched in 1587ms
197 http fetch GET 304 https://registry.npmjs.org/@types%2fon-finished 662ms (from cache)
198 silly pacote tag manifest for @types/on-finished@ts3.6 fetched in 664ms
199 http fetch GET 304 https://registry.npmjs.org/@types%2fnormalize-path 1622ms (from cache)
200 silly pacote tag manifest for @types/normalize-path@ts3.6 fetched in 1624ms
201 http fetch GET 304 https://registry.npmjs.org/@types%2fparseurl 85ms (from cache)
202 silly pacote tag manifest for @types/parseurl@ts3.6 fetched in 88ms
203 http fetch GET 304 https://registry.npmjs.org/@types%2fnopt 2014ms (from cache)
204 silly pacote tag manifest for @types/nopt@ts3.6 fetched in 2016ms
205 http fetch GET 304 https://registry.npmjs.org/@types%2fnpmlog 1490ms (from cache)
206 silly pacote tag manifest for @types/npmlog@ts3.6 fetched in 1493ms
207 http fetch GET 304 https://registry.npmjs.org/@types%2fnpm-packlist 1539ms (from cache)
208 silly pacote tag manifest for @types/npm-packlist@ts3.6 fetched in 1546ms
209 http fetch GET 304 https://registry.npmjs.org/@types%2fos-tmpdir 761ms (from cache)
210 silly pacote tag manifest for @types/os-tmpdir@ts3.6 fetched in 763ms
211 http fetch GET 304 https://registry.npmjs.org/@types%2fosenv 687ms (from cache)
212 silly pacote tag manifest for @types/osenv@ts3.6 fetched in 690ms
213 http fetch GET 304 https://registry.npmjs.org/@types%2fqs 108ms (from cache)
214 silly pacote tag manifest for @types/qs@ts3.6 fetched in 111ms
215 http fetch GET 304 https://registry.npmjs.org/@types%2fpath-is-absolute 703ms (from cache)
216 silly pacote tag manifest for @types/path-is-absolute@ts3.6 fetched in 706ms
217 http fetch GET 304 https://registry.npmjs.org/@types%2fonce 1381ms (from cache)
218 silly pacote tag manifest for @types/once@ts3.6 fetched in 1384ms
219 http fetch GET 304 https://registry.npmjs.org/@types%2fnumber-is-nan 1937ms (from cache)
220 silly pacote tag manifest for @types/number-is-nan@ts3.6 fetched in 1939ms
221 http fetch GET 304 https://registry.npmjs.org/@types%2fpsl 700ms (from cache)
222 silly pacote tag manifest for @types/psl@ts3.6 fetched in 703ms
223 http fetch GET 304 https://registry.npmjs.org/@types%2fpunycode 684ms (from cache)
224 http fetch GET 304 https://registry.npmjs.org/@types%2freadable-stream 375ms (from cache)
225 silly pacote tag manifest for @types/punycode@ts3.6 fetched in 687ms
226 silly pacote tag manifest for @types/readable-stream@ts3.6 fetched in 379ms
227 http fetch GET 304 https://registry.npmjs.org/@types%2frange-parser 695ms (from cache)
228 silly pacote tag manifest for @types/range-parser@ts3.6 fetched in 696ms
229 http fetch GET 304 https://registry.npmjs.org/@types%2frc 738ms (from cache)
230 silly pacote tag manifest for @types/rc@ts3.6 fetched in 742ms
231 http fetch GET 304 https://registry.npmjs.org/@types%2fsafer-buffer 386ms (from cache)
232 silly pacote tag manifest for @types/safer-buffer@ts3.6 fetched in 389ms
233 http fetch GET 304 https://registry.npmjs.org/@types%2fsemver 112ms (from cache)
234 silly pacote tag manifest for @types/semver@ts3.6 fetched in 115ms
235 http fetch GET 304 https://registry.npmjs.org/@types%2fsend 62ms (from cache)
236 silly pacote tag manifest for @types/send@ts3.6 fetched in 64ms
237 http fetch GET 304 https://registry.npmjs.org/@types%2fpicomatch 1630ms (from cache)
238 silly pacote tag manifest for @types/picomatch@ts3.6 fetched in 1632ms
239 http fetch GET 304 https://registry.npmjs.org/@types%2fserve-static 95ms (from cache)
240 silly pacote tag manifest for @types/serve-static@ts3.6 fetched in 98ms
241 http fetch GET 304 https://registry.npmjs.org/@types%2fos-homedir 2118ms (from cache)
242 silly pacote tag manifest for @types/os-homedir@ts3.6 fetched in 2121ms
243 http fetch GET 304 https://registry.npmjs.org/@types%2fstatuses 83ms (from cache)
244 silly pacote tag manifest for @types/statuses@ts3.6 fetched in 84ms
245 http fetch GET 304 https://registry.npmjs.org/@types%2fpump 1497ms (from cache)
246 silly pacote tag manifest for @types/pump@ts3.6 fetched in 1500ms
247 http fetch GET 304 https://registry.npmjs.org/@types%2fproxy-addr 1924ms (from cache)
248 silly pacote tag manifest for @types/proxy-addr@ts3.6 fetched in 1926ms
249 http fetch GET 200 https://registry.npmjs.org/@types%2fto-regex-range 70ms
250 silly fetchPackageMetaData error for @types/to-regex-range@ts3.6 No matching version found for @types/to-regex-range@ts3.6.
251 http fetch GET 304 https://registry.npmjs.org/@types%2fsshpk 685ms (from cache)
252 silly pacote tag manifest for @types/sshpk@ts3.6 fetched in 687ms
253 http fetch GET 200 https://registry.npmjs.org/@types%2ftoidentifier 63ms
254 silly fetchPackageMetaData error for @types/toidentifier@ts3.6 No matching version found for @types/toidentifier@ts3.6.
255 http fetch GET 304 https://registry.npmjs.org/@types%2frequest 1490ms (from cache)
256 silly pacote tag manifest for @types/request@ts3.6 fetched in 1493ms
257 http fetch GET 304 https://registry.npmjs.org/@types%2fresponselike 1566ms (from cache)
258 silly pacote tag manifest for @types/responselike@ts3.6 fetched in 1568ms
259 http fetch GET 304 https://registry.npmjs.org/@types%2fregistry-auth-token 1922ms (from cache)
260 silly pacote tag manifest for @types/registry-auth-token@ts3.6 fetched in 1924ms
261 http fetch GET 304 https://registry.npmjs.org/@types%2ftype-is 107ms (from cache)
262 silly pacote tag manifest for @types/type-is@ts3.6 fetched in 110ms
263 http fetch GET 304 https://registry.npmjs.org/@types%2fsax 1559ms (from cache)
264 silly pacote tag manifest for @types/sax@ts3.6 fetched in 1562ms
265 http fetch GET 304 https://registry.npmjs.org/@types%2ftouch 701ms (from cache)
266 silly pacote tag manifest for @types/touch@ts3.6 fetched in 704ms
267 http fetch GET 304 https://registry.npmjs.org/@types%2futil-deprecate 95ms (from cache)
268 silly pacote tag manifest for @types/util-deprecate@ts3.6 fetched in 98ms
269 http fetch GET 304 https://registry.npmjs.org/@types%2fsignal-exit 1529ms (from cache)
270 silly pacote tag manifest for @types/signal-exit@ts3.6 fetched in 1531ms
271 http fetch GET 304 https://registry.npmjs.org/@types%2ftough-cookie 818ms (from cache)
272 silly pacote tag manifest for @types/tough-cookie@ts3.6 fetched in 820ms
273 http fetch GET 304 https://registry.npmjs.org/@types%2futils-merge 110ms (from cache)
274 silly pacote tag manifest for @types/utils-merge@ts3.6 fetched in 112ms
275 http fetch GET 304 https://registry.npmjs.org/@types%2fuuid 95ms (from cache)
276 silly pacote tag manifest for @types/uuid@ts3.6 fetched in 97ms
277 http fetch GET 304 https://registry.npmjs.org/@types%2fupdate-notifier 687ms (from cache)
278 silly pacote tag manifest for @types/update-notifier@ts3.6 fetched in 689ms
279 http fetch GET 304 https://registry.npmjs.org/@types%2fwhatwg-url 96ms (from cache)
280 silly pacote tag manifest for @types/whatwg-url@ts3.6 fetched in 98ms
281 http fetch GET 200 https://registry.npmjs.org/@types%2fset-blocking 2077ms
282 silly fetchPackageMetaData error for @types/set-blocking@ts3.6 No matching version found for @types/set-blocking@ts3.6.
283 http fetch GET 304 https://registry.npmjs.org/@types%2fsupports-color 1920ms (from cache)
284 silly pacote tag manifest for @types/supports-color@ts3.6 fetched in 1922ms
285 http fetch GET 304 https://registry.npmjs.org/@types%2fverror 808ms (from cache)
286 silly pacote tag manifest for @types/verror@ts3.6 fetched in 813ms
287 http fetch GET 304 https://registry.npmjs.org/@types%2ftar 2274ms (from cache)
288 silly pacote tag manifest for @types/tar@ts3.6 fetched in 2276ms
289 http fetch GET 304 https://registry.npmjs.org/@types%2ftr46 1622ms (from cache)
290 silly registry:manifest no matching version for @types/tr46@ts3.6 in the cache. Forcing revalidation.
291 http fetch GET 304 https://registry.npmjs.org/@types%2fwhich 670ms (from cache)
292 silly pacote tag manifest for @types/which@ts3.6 fetched in 672ms
293 http fetch GET 200 https://registry.npmjs.org/@types%2furl-parse-lax 1493ms
294 silly fetchPackageMetaData error for @types/url-parse-lax@ts3.6 No matching version found for @types/url-parse-lax@ts3.6.
295 http fetch GET 304 https://registry.npmjs.org/@types%2fvary 1351ms (from cache)
296 silly pacote tag manifest for @types/vary@ts3.6 fetched in 1353ms
297 http fetch GET 304 https://registry.npmjs.org/@types%2ftypedarray-to-buffer 1959ms (from cache)
298 silly registry:manifest no matching version for @types/typedarray-to-buffer@ts3.6 in the cache. Forcing revalidation.
299 http fetch GET 200 https://registry.npmjs.org/@types%2ftr46 674ms
300 silly fetchPackageMetaData error for @types/tr46@ts3.6 No matching version found for @types/tr46@ts3.6.
301 http fetch GET 200 https://registry.npmjs.org/@types%2ftypedarray-to-buffer 698ms
302 silly fetchPackageMetaData error for @types/typedarray-to-buffer@ts3.6 No matching version found for @types/typedarray-to-buffer@ts3.6.
303 http fetch GET 304 https://registry.npmjs.org/@types%2fwebidl-conversions 2292ms (from cache)
304 silly pacote tag manifest for @types/webidl-conversions@ts3.6 fetched in 2294ms
305 http fetch GET 304 https://registry.npmjs.org/@types%2fwrite-file-atomic 2013ms (from cache)
306 silly pacote tag manifest for @types/write-file-atomic@ts3.6 fetched in 2015ms
307 http fetch GET 304 https://registry.npmjs.org/@types%2fyallist 1970ms (from cache)
308 silly pacote tag manifest for @types/yallist@ts3.6 fetched in 1972ms
309 timing stage:rollbackFailedOptional Completed in 1ms
310 timing stage:runTopLevelLifecycles Completed in 18349ms
311 verbose type tag
312 verbose stack @types/core-util-is: No matching version found for @types/core-util-is@ts3.6.
312 verbose stack     at pickManifest (/usr/local/lib/node_modules/npm/node_modules/npm-pick-manifest/index.js:122:13)
312 verbose stack     at /usr/local/lib/node_modules/npm/node_modules/pacote/lib/fetchers/registry/manifest.js:24:14
312 verbose stack     at tryCatcher (/usr/local/lib/node_modules/npm/node_modules/bluebird/js/release/util.js:16:23)
312 verbose stack     at Promise._settlePromiseFromHandler (/usr/local/lib/node_modules/npm/node_modules/bluebird/js/release/promise.js:517:31)
312 verbose stack     at Promise._settlePromise (/usr/local/lib/node_modules/npm/node_modules/bluebird/js/release/promise.js:574:18)
312 verbose stack     at Promise._settlePromise0 (/usr/local/lib/node_modules/npm/node_modules/bluebird/js/release/promise.js:619:10)
312 verbose stack     at Promise._settlePromises (/usr/local/lib/node_modules/npm/node_modules/bluebird/js/release/promise.js:699:18)
312 verbose stack     at _drainQueueStep (/usr/local/lib/node_modules/npm/node_modules/bluebird/js/release/async.js:138:12)
312 verbose stack     at _drainQueue (/usr/local/lib/node_modules/npm/node_modules/bluebird/js/release/async.js:131:9)
312 verbose stack     at Async._drainQueues (/usr/local/lib/node_modules/npm/node_modules/bluebird/js/release/async.js:147:5)
312 verbose stack     at Immediate.Async.drainQueues [as _onImmediate] (/usr/local/lib/node_modules/npm/node_modules/bluebird/js/release/async.js:17:14)
312 verbose stack     at processImmediate (internal/timers.js:456:21)
313 verbose cwd /home/theia/.cache/typescript/3.6
314 verbose Linux 5.15.133.1-microsoft-standard-WSL2
315 verbose argv "/usr/local/bin/node" "/usr/local/bin/npm" "install" "--ignore-scripts" "@types/abbrev@ts3.6" "@types/accepts@ts3.6" "@types/ansi-align@ts3.6" "@types/are-we-there-yet@ts3.6" "@types/asn1@ts3.6" "@types/assert-plus@ts3.6" "@types/aws4@ts3.6" "@types/balanced-match@ts3.6" "@types/body-parser@ts3.6" "@types/brace-expansion@ts3.6" "@types/braces@ts3.6" "@types/bytes@ts3.6" "@types/caseless@ts3.6" "@types/chownr@ts3.6" "@types/color-convert@ts3.6" "@types/color-name@ts3.6" "@types/color-support@ts3.6" "@types/combined-stream@ts3.6" "@types/concat-map@ts3.6" "@types/configstore@ts3.6" "@types/content-disposition@ts3.6" "@types/content-type@ts3.6" "@types/cookie@ts3.6" "@types/cookie-signature@ts3.6" "@types/core-util-is@ts3.6" "@types/dashdash@ts3.6" "@types/debug@ts3.6" "@types/deep-extend@ts3.6" "@types/delegates@ts3.6" "@types/depd@ts3.6" "@types/destroy@ts3.6" "@types/detect-libc@ts3.6" "@types/duplexer3@ts3.6" "@types/ee-first@ts3.6" "@types/encodeurl@ts3.6" "@types/end-of-stream@ts3.6" "@types/escape-html@ts3.6" "@types/etag@ts3.6" "@types/extend@ts3.6" "@types/extsprintf@ts3.6" "@types/fill-range@ts3.6" "@types/finalhandler@ts3.6" "@types/forever-agent@ts3.6" "@types/forwarded@ts3.6" "@types/fresh@ts3.6" "@types/fs-minipass@ts3.6" "@types/gauge@ts3.6" "@types/getpass@ts3.6" "@types/glob-parent@ts3.6" "@types/graceful-fs@ts3.6" "@types/http-cache-semantics@ts3.6" "@types/http-errors@ts3.6" "@types/http-signature@ts3.6" "@types/ignore-by-default@ts3.6" "@types/ignore-walk@ts3.6" "@types/imurmurhash@ts3.6" "@types/inflight@ts3.6" "@types/inherits@ts3.6" "@types/ini@ts3.6" "@types/is-ci@ts3.6" "@types/is-extglob@ts3.6" "@types/is-glob@ts3.6" "@types/is-number@ts3.6" "@types/is-typedarray@ts3.6" "@types/isarray@ts3.6" "@types/isexe@ts3.6" "@types/isstream@ts3.6" "@types/jsbn@ts3.6" "@types/json-buffer@ts3.6" "@types/json-schema@ts3.6" "@types/json-stringify-safe@ts3.6" "@types/jsprim@ts3.6" "@types/jwa@ts3.6" "@types/jws@ts3.6" "@types/lodash.includes@ts3.6" "@types/lodash.isboolean@ts3.6" "@types/lodash.isinteger@ts3.6" "@types/lodash.isnumber@ts3.6" "@types/lodash.isplainobject@ts3.6" "@types/lodash.isstring@ts3.6" "@types/lodash.once@ts3.6" "@types/media-typer@ts3.6" "@types/merge-descriptors@ts3.6" "@types/methods@ts3.6" "@types/mime@ts3.6" "@types/mime-db@ts3.6" "@types/mime-types@ts3.6" "@types/minimist@ts3.6" "@types/minizlib@ts3.6" "@types/ms@ts3.6" "@types/needle@ts3.6" "@types/negotiator@ts3.6" "@types/node-fetch@ts3.6" "@types/nopt@ts3.6" "@types/normalize-path@ts3.6" "@types/npm-packlist@ts3.6" "@types/npmlog@ts3.6" "@types/number-is-nan@ts3.6" "@types/object-assign@ts3.6" "@types/on-finished@ts3.6" "@types/once@ts3.6" "@types/os-homedir@ts3.6" "@types/os-tmpdir@ts3.6" "@types/osenv@ts3.6" "@types/parseurl@ts3.6" "@types/path-is-absolute@ts3.6" "@types/picomatch@ts3.6" "@types/proxy-addr@ts3.6" "@types/psl@ts3.6" "@types/pump@ts3.6" "@types/punycode@ts3.6" "@types/qs@ts3.6" "@types/range-parser@ts3.6" "@types/rc@ts3.6" "@types/readable-stream@ts3.6" "@types/registry-auth-token@ts3.6" "@types/request@ts3.6" "@types/responselike@ts3.6" "@types/safer-buffer@ts3.6" "@types/sax@ts3.6" "@types/semver@ts3.6" "@types/send@ts3.6" "@types/serve-static@ts3.6" "@types/set-blocking@ts3.6" "@types/signal-exit@ts3.6" "@types/sshpk@ts3.6" "@types/statuses@ts3.6" "@types/supports-color@ts3.6" "@types/tar@ts3.6" "@types/to-regex-range@ts3.6" "@types/toidentifier@ts3.6" "@types/touch@ts3.6" "@types/tough-cookie@ts3.6" "@types/tr46@ts3.6" "@types/type-is@ts3.6" "@types/typedarray-to-buffer@ts3.6" "@types/update-notifier@ts3.6" "@types/url-parse-lax@ts3.6" "@types/util-deprecate@ts3.6" "@types/utils-merge@ts3.6" "@types/uuid@ts3.6" "@types/vary@ts3.6" "@types/verror@ts3.6" "@types/webidl-conversions@ts3.6" "@types/whatwg-url@ts3.6" "@types/which@ts3.6" "@types/write-file-atomic@ts3.6" "@types/yallist@ts3.6" "--save-dev" "--user-agent=typesInstaller/3.6.3"
316 verbose node v12.18.3
317 verbose npm  v6.14.6
318 error code ETARGET
319 error notarget No matching version found for @types/core-util-is@ts3.6.
320 error notarget In most cases you or one of your dependencies are requesting
320 error notarget a package version that doesn't exist.
321 verbose exit [ 1, true ]
